23:47:22.140 [Expansion Quests] Initialize quest system on the connected client with UID=gy_2_9QGetczRuJF-G5_jusM0qdITbSngdhMXbxDEkM=
23:47:22.142 [Expansion Quests] Created new persistent player quest data for player UID=gy_2_9QGetczRuJF-G5_jusM0qdITbSngdhMXbxDEkM=
23:47:22.143 [Expansion Quests] Sending gy_2_9QGetczRuJF-G5_jusM0qdITbSngdhMXbxDEkM= quest configs to client for player with UID=gy_2_9QGetczRuJF-G5_jusM0qdITbSngdhMXbxDEkM=
23:47:22.144 [Expansion Quests] Sending player quest data for 0 quests to player with UID=gy_2_9QGetczRuJF-G5_jusM0qdITbSngdhMXbxDEkM=
23:47:22.284 [AI Patrol 00014] Loaded 1 persistent Berezino South-East (Lunatics) bots at <12875.857422, 6.004985, 10081.846680>
23:47:22.285 [AI Patrol 00014] Global patrol count: 1
23:47:22.285 [AI Patrol 00014] Global Expansion AI count: 1 alive, 0 deceased
23:47:22.285 [AI Patrol 00014] Survivor category patrol count: 1
23:47:22.306 [AI Patrol 00017] Loaded 1 persistent Solnechny South (West) bots at <13408.510742, 6.567771, 6373.044434>
23:47:22.306 [AI Patrol 00017] Global patrol count: 2
23:47:22.306 [AI Patrol 00017] Global Expansion AI count: 2 alive, 0 deceased
23:47:22.307 [AI Patrol 00017] Survivor category patrol count: 2
23:47:22.329 [AI Patrol 00011] Loaded 1 persistent Berezino North-East (Infected) bots at <12989.497070, 6.174744, 10245.407227>
23:47:22.330 [AI Patrol 00011] Global patrol count: 3
23:47:22.330 [AI Patrol 00011] Global Expansion AI count: 3 alive, 0 deceased
23:47:22.330 [AI Patrol 00011] Survivor category patrol count: 3
23:47:22.331 [AI Patrol 00013] Spawning 1 Berezhki (Infected) bots at <15162.078125, 8.258595, 13835.192383>
23:47:22.347 [AI Patrol 00013] Global patrol count: 4
23:47:22.347 [AI Patrol 00013] Global Expansion AI count: 4 alive, 0 deceased
23:47:22.348 [AI Patrol 00013] Survivor category patrol count: 4
23:47:22.371 [AI Patrol 00010] Loaded 1 persistent Svetloyarsk South-East (West) bots at <14004.990234, 13.551676, 13129.804688>
23:47:22.371 [AI Patrol 00010] Global patrol count: 5
23:47:22.372 [AI Patrol 00010] Global Expansion AI count: 5 alive, 0 deceased
23:47:22.372 [AI Patrol 00010] Survivor category patrol count: 5
23:47:22.394 [AI Patrol 00020] Loaded 1 persistent Prigorodki South-East (Raiders) bots at <8008.611816, 18.297583, 3105.111084>
23:47:22.395 [AI Patrol 00020] Global patrol count: 6
23:47:22.395 [AI Patrol 00020] Global Expansion AI count: 6 alive, 0 deceased
23:47:22.395 [AI Patrol 00020] Survivor category patrol count: 6
23:47:22.419 [AI Patrol 00019] Loaded 1 persistent Elektrozavodsk North-East (Guards) bots at <10531.249023, 6.301412, 2369.935791>
23:47:22.419 [AI Patrol 00019] Global patrol count: 7
23:47:22.420 [AI Patrol 00019] Global Expansion AI count: 7 alive, 0 deceased
23:47:22.420 [AI Patrol 00019] Survivor category patrol count: 7
23:47:22.440 [AI Patrol 00021] Loaded 1 persistent Chernogorsk (Raiders) bots at <5738.873535, 127.002441, 3256.145508>
23:47:22.440 [AI Patrol 00021] Global patrol count: 8
23:47:22.441 [AI Patrol 00021] Global Expansion AI count: 8 alive, 0 deceased
23:47:22.441 [AI Patrol 00021] Survivor category patrol count: 8
23:47:22.465 [AI Patrol 00015] Loaded 1 persistent Nizhneye North-East (Lunatics) bots at <12939.041016, 24.542610, 8038.513672>
23:47:22.465 [AI Patrol 00015] Global patrol count: 9
23:47:22.466 [AI Patrol 00015] Global Expansion AI count: 9 alive, 0 deceased
23:47:22.466 [AI Patrol 00015] Survivor category patrol count: 9
23:47:22.490 [AI Patrol 00016] Loaded 1 persistent Solnechny (West) bots at <13330.138672, 6.774259, 6238.181641>
23:47:22.490 [AI Patrol 00016] Global patrol count: 10
23:47:22.491 [AI Patrol 00016] Global Expansion AI count: 10 alive, 0 deceased
23:47:22.491 [AI Patrol 00016] Survivor category patrol count: 10
23:47:22.512 [AI Patrol 00012] Loaded 1 persistent Berezino North (Lunatics) bots at <13132.845703, 6.106751, 10289.525391>
23:47:22.513 [AI Patrol 00012] Global patrol count: 11
23:47:22.513 [AI Patrol 00012] Global Expansion AI count: 11 alive, 0 deceased
23:47:22.513 [AI Patrol 00012] Survivor category patrol count: 11
23:47:22.529 [AI Patrol 00018] Loaded 1 persistent Kamyshovo (East) bots at <12226.738281, 6.543925, 3490.955811>
23:47:22.529 [AI Patrol 00018] Global patrol count: 12
23:47:22.530 [AI Patrol 00018] Global Expansion AI count: 12 alive, 0 deceased
23:47:22.530 [AI Patrol 00018] Survivor category patrol count: 12
23:47:40.872 [VehicleDeleted] OffroadHatchback (id=E80A557CAC403ACC3E6D88B245A8892B pos=<4302.31, 329.04, 5484.66>)
23:47:40.873 [Expansion Quests] Added new objective data for type=AICAMP | Key= | ID=777
23:47:40.873 [Expansion Quests] Added new objective data for type=AIESCORT | Key= | ID=778
23:47:40.875 [Expansion Quests] Updated and saved persistent player quest data for player with UID=gy_2_9QGetczRuJF-G5_jusM0qdITbSngdhMXbxDEkM= | Quest ID=777
23:47:40.875 [Expansion Quests] Created new quest instance with instance key=gy_2_9QGetczRuJF-G5_jusM0qdITbSngdhMXbxDEkM= for quest with ID=777
23:54:54.386 [AI Patrol 00012] Berezino North (Lunatics) bots were wiped out (spawn position <13132.845703, 6.106751, 10289.525391>, 1/1 deceased)
23:54:54.396 [AI Patrol 00012] Global patrol count: 11
23:54:54.396 [AI Patrol 00012] Global Expansion AI count: 11 alive, 1 deceased
23:54:54.397 [AI Patrol 00012] Survivor category patrol count: 11
23:55:32.939 [Expansion Quests] Deleted quest with ID=777 is a of player with UID=gy_2_9QGetczRuJF-G5_jusM0qdITbSngdhMXbxDEkM=.
