23:43:56.006 [Expansion Quests] Initialize quest system on the connected client with UID=gy_2_9QGetczRuJF-G5_jusM0qdITbSngdhMXbxDEkM=
23:43:56.008 [Expansion Quests] Loaded existing player quest data for player with UID=gy_2_9QGetczRuJF-G5_jusM0qdITbSngdhMXbxDEkM=
23:43:56.008 [Expansion Quests] Check quest initialization for quest with ID=777 | State=STARTED | Player UID=gy_2_9QGetczRuJF-G5_jusM0qdITbSngdhMXbxDEkM=
23:43:56.009 [Expansion Quests] Create new quest instance for quest with ID=777 | Player UID=gy_2_9QGetczRuJF-G5_jusM0qdITbSngdhMXbxDEkM=
23:43:56.010 [Expansion Quests] Sending gy_2_9QGetczRuJF-G5_jusM0qdITbSngdhMXbxDEkM= quest configs to client for player with UID=gy_2_9QGetczRuJF-G5_jusM0qdITbSngdhMXbxDEkM=
23:43:56.011 [Expansion Quests] Sending player quest data for 1 quests to player with UID=gy_2_9QGetczRuJF-G5_jusM0qdITbSngdhMXbxDEkM=
23:43:56.144 [AI Patrol 00027] Spawning 1 Prigorodki South-East (Raiders) bots at <8207.115234, 6.090119, 3115.650635>
23:43:56.312 [AI Patrol 00027] Global patrol count: 1
23:43:56.312 [AI Patrol 00027] Global Expansion AI count: 1 alive, 0 deceased
23:43:56.312 [AI Patrol 00027] Survivor category patrol count: 1
23:43:56.344 [AI Patrol 00023] Loaded 1 persistent Kamyshovo (East) bots at <12152.758789, 6.093111, 3518.219971>
23:43:56.344 [AI Patrol 00023] Global patrol count: 2
23:43:56.345 [AI Patrol 00023] Global Expansion AI count: 2 alive, 0 deceased
23:43:56.345 [AI Patrol 00023] Survivor category patrol count: 2
23:43:56.381 [AI Patrol 00020] Loaded 1 persistent Berezino South-East (Lunatics) bots at <12911.476563, 6.263664, 10079.705078>
23:43:56.381 [AI Patrol 00020] Global patrol count: 3
23:43:56.382 [AI Patrol 00020] Global Expansion AI count: 3 alive, 0 deceased
23:43:56.382 [AI Patrol 00020] Survivor category patrol count: 3
23:43:56.425 [AI Patrol 00015] Spawning 1 Svetloyarsk (Civilian) bots at <13968.963867, 3.290000, 13515.464844>
23:43:56.436 [AI Patrol 00015] Global patrol count: 4
23:43:56.436 [AI Patrol 00015] Global Expansion AI count: 4 alive, 0 deceased
23:43:56.437 [AI Patrol 00015] Survivor category patrol count: 4
23:43:56.438 [AI Patrol 00025] Spawning 1 Elektrozavodsk North-West (Infected) bots at <9821.274414, 24.832726, 2194.003662>
23:43:56.463 [AI Patrol 00025] Global patrol count: 5
23:43:56.464 [AI Patrol 00025] Global Expansion AI count: 5 alive, 0 deceased
23:43:56.464 [AI Patrol 00025] Survivor category patrol count: 5
23:43:56.465 [AI Patrol 00017] Spawning 1 Berezino North-East (Infected) bots at <13161.286133, 6.147670, 10329.468750>
23:43:56.489 [AI Patrol 00017] Global patrol count: 6
23:43:56.489 [AI Patrol 00017] Global Expansion AI count: 6 alive, 0 deceased
23:43:56.490 [AI Patrol 00017] Survivor category patrol count: 6
23:43:56.490 [AI Patrol 00019] Spawning 1 Solnechny North (Guards) bots at <13229.572266, 6.913518, 6980.329102>
23:43:56.504 [AI Patrol 00019] Global patrol count: 7
23:43:56.505 [AI Patrol 00019] Global Expansion AI count: 7 alive, 0 deceased
23:43:56.505 [AI Patrol 00019] Survivor category patrol count: 7
23:43:56.560 [AI Patrol 00016] Loaded 1 persistent Svetloyarsk South-East (West) bots at <13986.966797, 13.335361, 13130.180664>
23:43:56.561 [AI Patrol 00016] Global patrol count: 8
23:43:56.561 [AI Patrol 00016] Global Expansion AI count: 8 alive, 0 deceased
23:43:56.561 [AI Patrol 00016] Survivor category patrol count: 8
23:43:56.562 [AI Patrol 00026] Spawning 1 Elektrozavodsk West (Mercenaries) bots at <9363.653320, 6.000000, 2017.953613>
23:43:56.579 [AI Patrol 00026] Global patrol count: 9
23:43:56.579 [AI Patrol 00026] Global Expansion AI count: 9 alive, 0 deceased
23:43:56.579 [AI Patrol 00026] Survivor category patrol count: 9
23:43:56.611 [AI Patrol 00024] Loaded 1 persistent Elektrozavodsk North-East (Guards) bots at <10600.414063, 6.184940, 2330.145508>
23:43:56.611 [AI Patrol 00024] Global patrol count: 10
23:43:56.612 [AI Patrol 00024] Global Expansion AI count: 10 alive, 0 deceased
23:43:56.612 [AI Patrol 00024] Survivor category patrol count: 10
23:43:56.684 [AI Patrol 00018] Loaded 1 persistent Berezino North (Lunatics) bots at <13075.667969, 6.018548, 10239.907227>
23:43:56.685 [AI Patrol 00018] Global patrol count: 11
23:43:56.685 [AI Patrol 00018] Global Expansion AI count: 11 alive, 0 deceased
23:43:56.686 [AI Patrol 00018] Survivor category patrol count: 11
23:43:56.766 [AI Patrol 00021] Loaded 1 persistent Nizhneye North-East (Lunatics) bots at <12877.771484, 20.439381, 8041.226074>
23:43:56.767 [AI Patrol 00021] Global patrol count: 12
23:43:56.767 [AI Patrol 00021] Global Expansion AI count: 12 alive, 0 deceased
23:43:56.768 [AI Patrol 00021] Survivor category patrol count: 12
23:43:56.903 [AI Patrol 00022] Loaded 1 persistent Solnechny South (West) bots at <13386.756836, 6.699791, 6312.766602>
23:43:56.904 [AI Patrol 00022] Global patrol count: 13
23:43:56.904 [AI Patrol 00022] Global Expansion AI count: 13 alive, 0 deceased
23:43:56.905 [AI Patrol 00022] Survivor category patrol count: 13
23:45:55.771 [Expansion Quests] Deleted quest with ID=777 is a of player with UID=gy_2_9QGetczRuJF-G5_jusM0qdITbSngdhMXbxDEkM=.
