23:01:08.296 [AI Object Patrol] Generating default object patrols for "chernarusplus"
23:01:08.296 [AI Patrol] Generating default patrols for "chernarusplus"
23:05:20.954 [Expansion Quests] Initialize quest system on the connected client with UID=gy_2_9QGetczRuJF-G5_jusM0qdITbSngdhMXbxDEkM=
23:05:20.956 [Expansion Quests] Loaded existing player quest data for player with UID=gy_2_9QGetczRuJF-G5_jusM0qdITbSngdhMXbxDEkM=
23:05:20.957 [Expansion Quests] Check quest initialization for quest with ID=777 | State=NONE | Player UID=gy_2_9QGetczRuJF-G5_jusM0qdITbSngdhMXbxDEkM=
23:05:20.958 [Expansion Quests] Sending gy_2_9QGetczRuJF-G5_jusM0qdITbSngdhMXbxDEkM= quest configs to client for player with UID=gy_2_9QGetczRuJF-G5_jusM0qdITbSngdhMXbxDEkM=
23:05:20.958 [Expansion Quests] Sending player quest data for 1 quests to player with UID=gy_2_9QGetczRuJF-G5_jusM0qdITbSngdhMXbxDEkM=
23:05:20.961 [AI Patrol 00023] Spawning 1 Kamyshovo (East) bots at <11930.805664, 6.292960, 3484.882324>
23:05:21.127 [AI Patrol 00023] Global patrol count: 1
23:05:21.128 [AI Patrol 00023] Global Expansion AI count: 1 alive, 0 deceased
23:05:21.128 [AI Patrol 00023] Survivor category patrol count: 1
23:05:21.133 [AI Patrol 00022] Spawning 1 Solnechny South (West) bots at <13437.818359, 5.731212, 5914.025879>
23:05:21.154 [AI Patrol 00022] Global patrol count: 2
23:05:21.155 [AI Patrol 00022] Global Expansion AI count: 2 alive, 0 deceased
23:05:21.155 [AI Patrol 00022] Survivor category patrol count: 2
23:05:21.156 [AI Patrol 00019] Spawning 1 Berezhki (Shamans) bots at <15162.078125, 8.258595, 13835.192383>
23:05:21.179 [AI Patrol 00019] Global patrol count: 3
23:05:21.179 [AI Patrol 00019] Global Expansion AI count: 3 alive, 0 deceased
23:05:21.180 [AI Patrol 00019] Survivor category patrol count: 3
23:05:21.180 [AI Patrol 00015] Spawning 1 Svetloyarsk South-East (Shamans) bots at <14286.206055, 4.740000, 13009.315430>
23:05:21.206 [AI Patrol 00015] Global patrol count: 4
23:05:21.206 [AI Patrol 00015] Global Expansion AI count: 4 alive, 0 deceased
23:05:21.206 [AI Patrol 00015] Survivor category patrol count: 4
23:05:21.207 [AI Patrol 00025] Spawning 1 Elektrozavodsk North-West (Mercenaries) bots at <9821.274414, 24.832726, 2194.003662>
23:05:21.227 [AI Patrol 00025] Global patrol count: 5
23:05:21.227 [AI Patrol 00025] Global Expansion AI count: 5 alive, 0 deceased
23:05:21.227 [AI Patrol 00025] Survivor category patrol count: 5
23:05:21.227 [AI Patrol 00021] Spawning 1 Nizhneye North-East (Guards) bots at <13043.561523, 5.785259, 7886.443359>
23:05:21.245 [AI Patrol 00021] Global patrol count: 6
23:05:21.245 [AI Patrol 00021] Global Expansion AI count: 6 alive, 0 deceased
23:05:21.245 [AI Patrol 00021] Survivor category patrol count: 6
23:05:21.246 [AI Patrol 00027] Spawning 1 Chernogorsk East (Civilian) bots at <8747.670898, 6.937114, 2357.187012>
23:05:21.264 [AI Patrol 00027] Global patrol count: 7
23:05:21.264 [AI Patrol 00027] Global Expansion AI count: 7 alive, 0 deceased
23:05:21.265 [AI Patrol 00027] Survivor category patrol count: 7
23:05:21.265 [AI Patrol 00018] Spawning 1 Solnechny North (West) bots at <13112.019531, 6.004272, 7386.629883>
23:05:21.281 [AI Patrol 00018] Global patrol count: 8
23:05:21.281 [AI Patrol 00018] Global Expansion AI count: 8 alive, 0 deceased
23:05:21.281 [AI Patrol 00018] Survivor category patrol count: 8
23:05:21.282 [AI Patrol 00026] Spawning 1 Elektrozavodsk West (Lunatics) bots at <9675.221680, 5.562127, 1817.324585>
23:05:21.302 [AI Patrol 00026] Global patrol count: 9
23:05:21.302 [AI Patrol 00026] Global Expansion AI count: 9 alive, 0 deceased
23:05:21.302 [AI Patrol 00026] Survivor category patrol count: 9
23:05:21.303 [AI Patrol 00024] Spawning 1 Elektrozavodsk North-East (Civilian) bots at <10772.804688, 5.825436, 2277.397705>
23:05:21.323 [AI Patrol 00024] Global patrol count: 10
23:05:21.323 [AI Patrol 00024] Global Expansion AI count: 10 alive, 0 deceased
23:05:21.324 [AI Patrol 00024] Survivor category patrol count: 10
23:05:21.324 [AI Patrol 00017] Spawning 1 Berezino North (Infected) bots at <12592.173828, 37.214073, 10401.323242>
23:05:21.341 [AI Patrol 00017] Global patrol count: 11
23:05:21.341 [AI Patrol 00017] Global Expansion AI count: 11 alive, 0 deceased
23:05:21.342 [AI Patrol 00017] Survivor category patrol count: 11
23:05:21.342 [AI Patrol 00014] Spawning 1 Svetloyarsk (East) bots at <13968.963867, 3.290000, 13515.464844>
23:05:21.360 [AI Patrol 00014] Global patrol count: 12
23:05:21.360 [AI Patrol 00014] Global Expansion AI count: 12 alive, 0 deceased
23:05:21.360 [AI Patrol 00014] Survivor category patrol count: 12
23:05:21.361 [AI Patrol 00016] Spawning 1 Berezino North-East (Infected) bots at <13161.286133, 6.147670, 10329.468750>
23:05:21.377 [AI Patrol 00016] Global patrol count: 13
23:05:21.377 [AI Patrol 00016] Global Expansion AI count: 13 alive, 0 deceased
23:05:21.377 [AI Patrol 00016] Survivor category patrol count: 13
23:05:21.378 [AI Patrol 00020] Spawning 1 Berezino South-East (Shamans) bots at <12862.712891, 5.403718, 9249.855469>
23:05:21.396 [AI Patrol 00020] Global patrol count: 14
23:05:21.396 [AI Patrol 00020] Global Expansion AI count: 14 alive, 0 deceased
23:05:21.397 [AI Patrol 00020] Survivor category patrol count: 14
23:05:28.231 [Expansion Quests] Added new objective data for type=TARGET | Key=gy_2_9QGetczRuJF-G5_jusM0qdITbSngdhMXbxDEkM= | ID=777
23:05:28.231 [Expansion Quests] Added new objective data for type=AIESCORT | Key=gy_2_9QGetczRuJF-G5_jusM0qdITbSngdhMXbxDEkM= | ID=778
23:05:28.232 [Expansion Quests] Updated and saved persistent player quest data for player with UID=gy_2_9QGetczRuJF-G5_jusM0qdITbSngdhMXbxDEkM= | Quest ID=777
23:05:28.233 [Expansion Quests] Created new quest instance with instance key=gy_2_9QGetczRuJF-G5_jusM0qdITbSngdhMXbxDEkM= for quest with ID=777
23:06:59.563 [AI Object Patrol 00011] Spawning 1 West bots at <2600.462891, 199.912262, 5151.620605>
23:06:59.574 [AI Object Patrol 00011] Global patrol count: 15
23:06:59.574 [AI Object Patrol 00011] Global Expansion AI count: 15 alive, 0 deceased
23:06:59.574 [AI Object Patrol 00011] MilitaryStatic category patrol count: 1
23:10:01.316 [Expansion Quests] Added new objective data for type=TARGET | Key=gy_2_9QGetczRuJF-G5_jusM0qdITbSngdhMXbxDEkM= | ID=777
23:10:01.317 [Expansion Quests] Added new objective data for type=AIESCORT | Key=gy_2_9QGetczRuJF-G5_jusM0qdITbSngdhMXbxDEkM= | ID=778
23:10:01.318 [Expansion Quests] Updated and saved persistent player quest data for player with UID=gy_2_9QGetczRuJF-G5_jusM0qdITbSngdhMXbxDEkM= | Quest ID=777
23:10:01.680 [Expansion Quests] Added new objective data for type=TARGET | Key=gy_2_9QGetczRuJF-G5_jusM0qdITbSngdhMXbxDEkM= | ID=777
23:10:01.680 [Expansion Quests] Added new objective data for type=AIESCORT | Key=gy_2_9QGetczRuJF-G5_jusM0qdITbSngdhMXbxDEkM= | ID=778
23:10:01.681 [Expansion Quests] Updated and saved persistent player quest data for player with UID=gy_2_9QGetczRuJF-G5_jusM0qdITbSngdhMXbxDEkM= | Quest ID=777
23:10:02.428 [Expansion Quests] Added new objective data for type=TARGET | Key=gy_2_9QGetczRuJF-G5_jusM0qdITbSngdhMXbxDEkM= | ID=777
23:10:02.429 [Expansion Quests] Added new objective data for type=AIESCORT | Key=gy_2_9QGetczRuJF-G5_jusM0qdITbSngdhMXbxDEkM= | ID=778
23:10:02.430 [Expansion Quests] Updated and saved persistent player quest data for player with UID=gy_2_9QGetczRuJF-G5_jusM0qdITbSngdhMXbxDEkM= | Quest ID=777
23:10:04.048 [Expansion Quests] Added new objective data for type=TARGET | Key=gy_2_9QGetczRuJF-G5_jusM0qdITbSngdhMXbxDEkM= | ID=777
23:10:04.048 [Expansion Quests] Added new objective data for type=AIESCORT | Key=gy_2_9QGetczRuJF-G5_jusM0qdITbSngdhMXbxDEkM= | ID=778
23:10:04.049 [Expansion Quests] Updated and saved persistent player quest data for player with UID=gy_2_9QGetczRuJF-G5_jusM0qdITbSngdhMXbxDEkM= | Quest ID=777
23:10:05.203 [Expansion Quests] Added new objective data for type=TARGET | Key=gy_2_9QGetczRuJF-G5_jusM0qdITbSngdhMXbxDEkM= | ID=777
23:10:05.203 [Expansion Quests] Added new objective data for type=AIESCORT | Key=gy_2_9QGetczRuJF-G5_jusM0qdITbSngdhMXbxDEkM= | ID=778
23:10:05.205 [Expansion Quests] Updated and saved persistent player quest data for player with UID=gy_2_9QGetczRuJF-G5_jusM0qdITbSngdhMXbxDEkM= | Quest ID=777
23:10:23.620 [Expansion Quests] Added new objective data for type=TARGET | Key=gy_2_9QGetczRuJF-G5_jusM0qdITbSngdhMXbxDEkM= | ID=777
23:10:23.620 [Expansion Quests] Added new objective data for type=AIESCORT | Key=gy_2_9QGetczRuJF-G5_jusM0qdITbSngdhMXbxDEkM= | ID=778
23:10:23.621 [Expansion Quests] Updated and saved persistent player quest data for player with UID=gy_2_9QGetczRuJF-G5_jusM0qdITbSngdhMXbxDEkM= | Quest ID=777
23:10:24.459 [Expansion Quests] Added new objective data for type=TARGET | Key=gy_2_9QGetczRuJF-G5_jusM0qdITbSngdhMXbxDEkM= | ID=777
23:10:24.459 [Expansion Quests] Added new objective data for type=AIESCORT | Key=gy_2_9QGetczRuJF-G5_jusM0qdITbSngdhMXbxDEkM= | ID=778
23:10:24.460 [Expansion Quests] Updated and saved persistent player quest data for player with UID=gy_2_9QGetczRuJF-G5_jusM0qdITbSngdhMXbxDEkM= | Quest ID=777
23:10:24.653 [Expansion Quests] Added new objective data for type=TARGET | Key=gy_2_9QGetczRuJF-G5_jusM0qdITbSngdhMXbxDEkM= | ID=777
23:10:24.653 [Expansion Quests] Added new objective data for type=AIESCORT | Key=gy_2_9QGetczRuJF-G5_jusM0qdITbSngdhMXbxDEkM= | ID=778
23:10:24.654 [Expansion Quests] Updated and saved persistent player quest data for player with UID=gy_2_9QGetczRuJF-G5_jusM0qdITbSngdhMXbxDEkM= | Quest ID=777
23:10:24.655 [Expansion Quests] Added new objective data for type=TARGET | Key=gy_2_9QGetczRuJF-G5_jusM0qdITbSngdhMXbxDEkM= | ID=777
23:10:24.656 [Expansion Quests] Added new objective data for type=AIESCORT | Key=gy_2_9QGetczRuJF-G5_jusM0qdITbSngdhMXbxDEkM= | ID=778
23:10:24.665 [Expansion Quests] Updated and saved persistent player quest data for player with UID=gy_2_9QGetczRuJF-G5_jusM0qdITbSngdhMXbxDEkM= | Quest ID=777
23:10:25.206 [Expansion Quests] Added new objective data for type=TARGET | Key=gy_2_9QGetczRuJF-G5_jusM0qdITbSngdhMXbxDEkM= | ID=777
23:10:25.207 [Expansion Quests] Added new objective data for type=AIESCORT | Key=gy_2_9QGetczRuJF-G5_jusM0qdITbSngdhMXbxDEkM= | ID=778
23:10:25.208 [Expansion Quests] Updated and saved persistent player quest data for player with UID=gy_2_9QGetczRuJF-G5_jusM0qdITbSngdhMXbxDEkM= | Quest ID=777
23:10:35.180 [Expansion Quests] Added new objective data for type=TARGET | Key=gy_2_9QGetczRuJF-G5_jusM0qdITbSngdhMXbxDEkM= | ID=777
23:10:35.180 [Expansion Quests] Added new objective data for type=AIESCORT | Key=gy_2_9QGetczRuJF-G5_jusM0qdITbSngdhMXbxDEkM= | ID=778
23:10:35.182 [Expansion Quests] Updated and saved persistent player quest data for player with UID=gy_2_9QGetczRuJF-G5_jusM0qdITbSngdhMXbxDEkM= | Quest ID=777
23:10:45.180 [Expansion Quests] Added new objective data for type=TARGET | Key=gy_2_9QGetczRuJF-G5_jusM0qdITbSngdhMXbxDEkM= | ID=777
23:10:45.180 [Expansion Quests] Added new objective data for type=AIESCORT | Key=gy_2_9QGetczRuJF-G5_jusM0qdITbSngdhMXbxDEkM= | ID=778
23:10:45.181 [Expansion Quests] Updated and saved persistent player quest data for player with UID=gy_2_9QGetczRuJF-G5_jusM0qdITbSngdhMXbxDEkM= | Quest ID=777
23:10:55.180 [Expansion Quests] Added new objective data for type=TARGET | Key=gy_2_9QGetczRuJF-G5_jusM0qdITbSngdhMXbxDEkM= | ID=777
23:10:55.181 [Expansion Quests] Added new objective data for type=AIESCORT | Key=gy_2_9QGetczRuJF-G5_jusM0qdITbSngdhMXbxDEkM= | ID=778
23:10:55.182 [Expansion Quests] Updated and saved persistent player quest data for player with UID=gy_2_9QGetczRuJF-G5_jusM0qdITbSngdhMXbxDEkM= | Quest ID=777
23:11:05.180 [Expansion Quests] Added new objective data for type=TARGET | Key=gy_2_9QGetczRuJF-G5_jusM0qdITbSngdhMXbxDEkM= | ID=777
23:11:05.180 [Expansion Quests] Added new objective data for type=AIESCORT | Key=gy_2_9QGetczRuJF-G5_jusM0qdITbSngdhMXbxDEkM= | ID=778
23:11:05.181 [Expansion Quests] Updated and saved persistent player quest data for player with UID=gy_2_9QGetczRuJF-G5_jusM0qdITbSngdhMXbxDEkM= | Quest ID=777
23:11:15.180 [Expansion Quests] Added new objective data for type=TARGET | Key=gy_2_9QGetczRuJF-G5_jusM0qdITbSngdhMXbxDEkM= | ID=777
23:11:15.181 [Expansion Quests] Added new objective data for type=AIESCORT | Key=gy_2_9QGetczRuJF-G5_jusM0qdITbSngdhMXbxDEkM= | ID=778
23:11:15.181 [Expansion Quests] Updated and saved persistent player quest data for player with UID=gy_2_9QGetczRuJF-G5_jusM0qdITbSngdhMXbxDEkM= | Quest ID=777
23:11:25.180 [Expansion Quests] Added new objective data for type=TARGET | Key=gy_2_9QGetczRuJF-G5_jusM0qdITbSngdhMXbxDEkM= | ID=777
23:11:25.181 [Expansion Quests] Added new objective data for type=AIESCORT | Key=gy_2_9QGetczRuJF-G5_jusM0qdITbSngdhMXbxDEkM= | ID=778
23:11:25.181 [Expansion Quests] Updated and saved persistent player quest data for player with UID=gy_2_9QGetczRuJF-G5_jusM0qdITbSngdhMXbxDEkM= | Quest ID=777
23:11:35.180 [Expansion Quests] Added new objective data for type=TARGET | Key=gy_2_9QGetczRuJF-G5_jusM0qdITbSngdhMXbxDEkM= | ID=777
23:11:35.181 [Expansion Quests] Added new objective data for type=AIESCORT | Key=gy_2_9QGetczRuJF-G5_jusM0qdITbSngdhMXbxDEkM= | ID=778
23:11:35.182 [Expansion Quests] Updated and saved persistent player quest data for player with UID=gy_2_9QGetczRuJF-G5_jusM0qdITbSngdhMXbxDEkM= | Quest ID=777
23:11:45.180 [Expansion Quests] Added new objective data for type=TARGET | Key=gy_2_9QGetczRuJF-G5_jusM0qdITbSngdhMXbxDEkM= | ID=777
23:11:45.180 [Expansion Quests] Added new objective data for type=AIESCORT | Key=gy_2_9QGetczRuJF-G5_jusM0qdITbSngdhMXbxDEkM= | ID=778
23:11:45.181 [Expansion Quests] Updated and saved persistent player quest data for player with UID=gy_2_9QGetczRuJF-G5_jusM0qdITbSngdhMXbxDEkM= | Quest ID=777
23:11:55.180 [Expansion Quests] Added new objective data for type=TARGET | Key=gy_2_9QGetczRuJF-G5_jusM0qdITbSngdhMXbxDEkM= | ID=777
23:11:55.180 [Expansion Quests] Added new objective data for type=AIESCORT | Key=gy_2_9QGetczRuJF-G5_jusM0qdITbSngdhMXbxDEkM= | ID=778
23:11:55.181 [Expansion Quests] Updated and saved persistent player quest data for player with UID=gy_2_9QGetczRuJF-G5_jusM0qdITbSngdhMXbxDEkM= | Quest ID=777
23:12:05.180 [Expansion Quests] Added new objective data for type=TARGET | Key=gy_2_9QGetczRuJF-G5_jusM0qdITbSngdhMXbxDEkM= | ID=777
23:12:05.180 [Expansion Quests] Added new objective data for type=AIESCORT | Key=gy_2_9QGetczRuJF-G5_jusM0qdITbSngdhMXbxDEkM= | ID=778
23:12:05.181 [Expansion Quests] Updated and saved persistent player quest data for player with UID=gy_2_9QGetczRuJF-G5_jusM0qdITbSngdhMXbxDEkM= | Quest ID=777
23:12:15.180 [Expansion Quests] Added new objective data for type=TARGET | Key=gy_2_9QGetczRuJF-G5_jusM0qdITbSngdhMXbxDEkM= | ID=777
23:12:15.180 [Expansion Quests] Added new objective data for type=AIESCORT | Key=gy_2_9QGetczRuJF-G5_jusM0qdITbSngdhMXbxDEkM= | ID=778
23:12:15.181 [Expansion Quests] Updated and saved persistent player quest data for player with UID=gy_2_9QGetczRuJF-G5_jusM0qdITbSngdhMXbxDEkM= | Quest ID=777
23:12:25.180 [Expansion Quests] Added new objective data for type=TARGET | Key=gy_2_9QGetczRuJF-G5_jusM0qdITbSngdhMXbxDEkM= | ID=777
23:12:25.180 [Expansion Quests] Added new objective data for type=AIESCORT | Key=gy_2_9QGetczRuJF-G5_jusM0qdITbSngdhMXbxDEkM= | ID=778
23:12:25.181 [Expansion Quests] Updated and saved persistent player quest data for player with UID=gy_2_9QGetczRuJF-G5_jusM0qdITbSngdhMXbxDEkM= | Quest ID=777
23:12:35.180 [Expansion Quests] Added new objective data for type=TARGET | Key=gy_2_9QGetczRuJF-G5_jusM0qdITbSngdhMXbxDEkM= | ID=777
23:12:35.180 [Expansion Quests] Added new objective data for type=AIESCORT | Key=gy_2_9QGetczRuJF-G5_jusM0qdITbSngdhMXbxDEkM= | ID=778
23:12:35.181 [Expansion Quests] Updated and saved persistent player quest data for player with UID=gy_2_9QGetczRuJF-G5_jusM0qdITbSngdhMXbxDEkM= | Quest ID=777
23:12:45.180 [Expansion Quests] Added new objective data for type=TARGET | Key=gy_2_9QGetczRuJF-G5_jusM0qdITbSngdhMXbxDEkM= | ID=777
23:12:45.180 [Expansion Quests] Added new objective data for type=AIESCORT | Key=gy_2_9QGetczRuJF-G5_jusM0qdITbSngdhMXbxDEkM= | ID=778
23:12:45.181 [Expansion Quests] Updated and saved persistent player quest data for player with UID=gy_2_9QGetczRuJF-G5_jusM0qdITbSngdhMXbxDEkM= | Quest ID=777
23:12:55.180 [Expansion Quests] Added new objective data for type=TARGET | Key=gy_2_9QGetczRuJF-G5_jusM0qdITbSngdhMXbxDEkM= | ID=777
23:12:55.180 [Expansion Quests] Added new objective data for type=AIESCORT | Key=gy_2_9QGetczRuJF-G5_jusM0qdITbSngdhMXbxDEkM= | ID=778
23:12:55.181 [Expansion Quests] Updated and saved persistent player quest data for player with UID=gy_2_9QGetczRuJF-G5_jusM0qdITbSngdhMXbxDEkM= | Quest ID=777
23:13:05.180 [Expansion Quests] Added new objective data for type=TARGET | Key=gy_2_9QGetczRuJF-G5_jusM0qdITbSngdhMXbxDEkM= | ID=777
23:13:05.181 [Expansion Quests] Added new objective data for type=AIESCORT | Key=gy_2_9QGetczRuJF-G5_jusM0qdITbSngdhMXbxDEkM= | ID=778
23:13:05.181 [Expansion Quests] Updated and saved persistent player quest data for player with UID=gy_2_9QGetczRuJF-G5_jusM0qdITbSngdhMXbxDEkM= | Quest ID=777
23:13:15.180 [Expansion Quests] Added new objective data for type=TARGET | Key=gy_2_9QGetczRuJF-G5_jusM0qdITbSngdhMXbxDEkM= | ID=777
23:13:15.181 [Expansion Quests] Added new objective data for type=AIESCORT | Key=gy_2_9QGetczRuJF-G5_jusM0qdITbSngdhMXbxDEkM= | ID=778
23:13:15.182 [Expansion Quests] Updated and saved persistent player quest data for player with UID=gy_2_9QGetczRuJF-G5_jusM0qdITbSngdhMXbxDEkM= | Quest ID=777
23:13:25.180 [Expansion Quests] Added new objective data for type=TARGET | Key=gy_2_9QGetczRuJF-G5_jusM0qdITbSngdhMXbxDEkM= | ID=777
23:13:25.180 [Expansion Quests] Added new objective data for type=AIESCORT | Key=gy_2_9QGetczRuJF-G5_jusM0qdITbSngdhMXbxDEkM= | ID=778
23:13:25.181 [Expansion Quests] Updated and saved persistent player quest data for player with UID=gy_2_9QGetczRuJF-G5_jusM0qdITbSngdhMXbxDEkM= | Quest ID=777
23:13:35.180 [Expansion Quests] Added new objective data for type=TARGET | Key=gy_2_9QGetczRuJF-G5_jusM0qdITbSngdhMXbxDEkM= | ID=777
23:13:35.180 [Expansion Quests] Added new objective data for type=AIESCORT | Key=gy_2_9QGetczRuJF-G5_jusM0qdITbSngdhMXbxDEkM= | ID=778
23:13:35.181 [Expansion Quests] Updated and saved persistent player quest data for player with UID=gy_2_9QGetczRuJF-G5_jusM0qdITbSngdhMXbxDEkM= | Quest ID=777
23:13:38.773 [Expansion Quests] Added new objective data for type=TARGET | Key=gy_2_9QGetczRuJF-G5_jusM0qdITbSngdhMXbxDEkM= | ID=777
23:13:38.774 [Expansion Quests] Added new objective data for type=AIESCORT | Key=gy_2_9QGetczRuJF-G5_jusM0qdITbSngdhMXbxDEkM= | ID=778
23:13:38.775 [Expansion Quests] Updated and saved persistent player quest data for player with UID=gy_2_9QGetczRuJF-G5_jusM0qdITbSngdhMXbxDEkM= | Quest ID=777
23:13:45.180 [Expansion Quests] Added new objective data for type=TARGET | Key=gy_2_9QGetczRuJF-G5_jusM0qdITbSngdhMXbxDEkM= | ID=777
23:13:45.180 [Expansion Quests] Added new objective data for type=AIESCORT | Key=gy_2_9QGetczRuJF-G5_jusM0qdITbSngdhMXbxDEkM= | ID=778
23:13:45.181 [Expansion Quests] Updated and saved persistent player quest data for player with UID=gy_2_9QGetczRuJF-G5_jusM0qdITbSngdhMXbxDEkM= | Quest ID=777
23:13:56.082 [Expansion Quests] Added new objective data for type=TARGET | Key=gy_2_9QGetczRuJF-G5_jusM0qdITbSngdhMXbxDEkM= | ID=777
23:13:56.083 [Expansion Quests] Added new objective data for type=AIESCORT | Key=gy_2_9QGetczRuJF-G5_jusM0qdITbSngdhMXbxDEkM= | ID=778
23:13:56.084 [Expansion Quests] Updated and saved persistent player quest data for player with UID=gy_2_9QGetczRuJF-G5_jusM0qdITbSngdhMXbxDEkM= | Quest ID=777
23:13:56.085 [Expansion Quests] Player with UID=gy_2_9QGetczRuJF-G5_jusM0qdITbSngdhMXbxDEkM= has completed quest with ID=777
23:14:41.871 [VehicleDeleted] CivilianSedan_Wine (id=AAE33D6D324F0B6F00790D9D0D621D04 pos=<5857.95, 141.06, 4597.45>)
23:21:56.540 [AI Object Patrol 00011] Despawning 1 West bots (spawn position <2600.462891, 199.912262, 5151.620605>, 0/1 deceased)
23:21:56.549 [AI Object Patrol 00011] Global patrol count: 14
23:21:56.550 [AI Object Patrol 00011] Global Expansion AI count: 14 alive, 0 deceased
23:21:56.550 [AI Object Patrol 00011] MilitaryStatic category patrol count: 0
