01:05:45.311 [Expansion Quests] Initialize quest system on the connected client with UID=gy_2_9QGetczRuJF-G5_jusM0qdITbSngdhMXbxDEkM=
01:05:45.319 [Expansion Quests] Loaded existing player quest data for player with UID=gy_2_9QGetczRuJF-G5_jusM0qdITbSngdhMXbxDEkM=
01:05:45.320 [Expansion Quests] Check quest initialization for quest with ID=777 | State=NONE | Player UID=gy_2_9QGetczRuJF-G5_jusM0qdITbSngdhMXbxDEkM=
01:05:45.321 [Expansion Quests] Check quest initialization for quest with ID=779 | State=NONE | Player UID=gy_2_9QGetczRuJF-G5_jusM0qdITbSngdhMXbxDEkM=
01:05:45.322 [Expansion Quests] Sending gy_2_9QGetczRuJF-G5_jusM0qdITbSngdhMXbxDEkM= quest configs to client for player with UID=gy_2_9QGetczRuJF-G5_jusM0qdITbSngdhMXbxDEkM=
01:05:45.324 [Expansion Quests] Sending player quest data for 2 quests to player with UID=gy_2_9QGetczRuJF-G5_jusM0qdITbSngdhMXbxDEkM=
01:05:45.528 [AI Patrol 00023] Loaded 1 persistent Chernogorsk East (Civilian) bots at <9282.436523, 205.012009, 3319.838135>
01:05:45.528 [AI Patrol 00023] Global patrol count: 1
01:05:45.529 [AI Patrol 00023] Global Expansion AI count: 1 alive, 0 deceased
01:05:45.529 [AI Patrol 00023] Survivor category patrol count: 1
01:05:45.557 [AI Patrol 00016] Loaded 1 persistent Nizhneye North-East (Lunatics) bots at <12630.806641, 134.507904, 7434.381836>
01:05:45.557 [AI Patrol 00016] Global patrol count: 2
01:05:45.557 [AI Patrol 00016] Global Expansion AI count: 2 alive, 0 deceased
01:05:45.557 [AI Patrol 00016] Survivor category patrol count: 2
01:05:45.587 [AI Patrol 00010] Loaded 1 persistent Svetloyarsk South-East (West) bots at <13781.838867, 20.084982, 13303.361328>
01:05:45.588 [AI Patrol 00010] Global patrol count: 3
01:05:45.588 [AI Patrol 00010] Global Expansion AI count: 3 alive, 0 deceased
01:05:45.589 [AI Patrol 00010] Survivor category patrol count: 3
01:05:45.624 [AI Patrol 00017] Loaded 1 persistent Solnechny (West) bots at <10388.801758, 134.141891, 7429.483398>
01:05:45.625 [AI Patrol 00017] Global patrol count: 4
01:05:45.625 [AI Patrol 00017] Global Expansion AI count: 4 alive, 0 deceased
01:05:45.625 [AI Patrol 00017] Survivor category patrol count: 4
01:05:45.648 [AI Patrol 00025] Loaded 1 persistent Chernogorsk (Raiders) bots at <6195.545410, 42.879318, 3083.737305>
01:05:45.648 [AI Patrol 00025] Global patrol count: 5
01:05:45.648 [AI Patrol 00025] Global Expansion AI count: 5 alive, 0 deceased
01:05:45.649 [AI Patrol 00025] Survivor category patrol count: 5
01:05:45.696 [AI Patrol 00014] Loaded 1 persistent Berezhki (Infected) bots at <13742.322266, 21.672878, 13265.156250>
01:05:45.697 [AI Patrol 00014] Global patrol count: 6
01:05:45.697 [AI Patrol 00014] Global Expansion AI count: 6 alive, 0 deceased
01:05:45.697 [AI Patrol 00014] Survivor category patrol count: 6
01:05:45.753 [AI Patrol 00021] Loaded 1 persistent Elektrozavodsk North-West (Infected) bots at <9712.709961, 101.996216, 2610.004150>
01:05:45.754 [AI Patrol 00021] Global patrol count: 7
01:05:45.754 [AI Patrol 00021] Global Expansion AI count: 7 alive, 0 deceased
01:05:45.754 [AI Patrol 00021] Survivor category patrol count: 7
01:05:45.797 [AI Patrol 00022] Loaded 1 persistent Elektrozavodsk West (Mercenaries) bots at <12021.378906, 6.757772, 3626.750488>
01:05:45.797 [AI Patrol 00022] Global patrol count: 8
01:05:45.798 [AI Patrol 00022] Global Expansion AI count: 8 alive, 0 deceased
01:05:45.798 [AI Patrol 00022] Survivor category patrol count: 8
01:05:45.826 [AI Patrol 00009] Loaded 1 persistent Svetloyarsk (Civilian) bots at <12873.324219, 57.333649, 15030.329102>
01:05:45.827 [AI Patrol 00009] Global patrol count: 9
01:05:45.827 [AI Patrol 00009] Global Expansion AI count: 9 alive, 0 deceased
01:05:45.828 [AI Patrol 00009] Survivor category patrol count: 9
01:05:45.972 [AI Patrol 00024] Loaded 1 persistent Prigorodki South-East (Raiders) bots at <10243.952148, 50.527393, 3859.264648>
01:05:45.973 [AI Patrol 00024] Global patrol count: 10
01:05:45.973 [AI Patrol 00024] Global Expansion AI count: 10 alive, 0 deceased
01:05:45.973 [AI Patrol 00024] Survivor category patrol count: 10
01:05:46.003 [AI Patrol 00015] Loaded 1 persistent Berezino South-East (Shamans) bots at <12755.118164, 6.206359, 9832.861328>
01:05:46.003 [AI Patrol 00015] Global patrol count: 11
01:05:46.004 [AI Patrol 00015] Global Expansion AI count: 11 alive, 0 deceased
01:05:46.004 [AI Patrol 00015] Survivor category patrol count: 11
01:05:46.090 [AI Patrol 00018] Loaded 1 persistent Solnechny South (West) bots at <13006.795898, 6.024972, 10267.978516>
01:05:46.091 [AI Patrol 00018] Global patrol count: 12
01:05:46.091 [AI Patrol 00018] Global Expansion AI count: 12 alive, 0 deceased
01:05:46.091 [AI Patrol 00018] Survivor category patrol count: 12
01:05:46.160 [AI Patrol 00013] Loaded 1 persistent Solnechny North (Guards) bots at <12881.079102, 20.363548, 7280.118652>
01:05:46.161 [AI Patrol 00013] Global patrol count: 13
01:05:46.161 [AI Patrol 00013] Global Expansion AI count: 13 alive, 0 deceased
01:05:46.161 [AI Patrol 00013] Survivor category patrol count: 13
01:05:46.196 [AI Patrol 00020] Loaded 1 persistent Elektrozavodsk North-East (Guards) bots at <7662.220703, 5.526539, 3158.038574>
01:05:46.196 [AI Patrol 00020] Global patrol count: 14
01:05:46.197 [AI Patrol 00020] Global Expansion AI count: 14 alive, 0 deceased
01:05:46.197 [AI Patrol 00020] Survivor category patrol count: 14
01:05:46.222 [AI Patrol 00012] Loaded 1 persistent Berezino North (Lunatics) bots at <12170.849609, 24.485914, 9494.360352>
01:05:46.223 [AI Patrol 00012] Global patrol count: 15
01:05:46.223 [AI Patrol 00012] Global Expansion AI count: 15 alive, 0 deceased
01:05:46.224 [AI Patrol 00012] Survivor category patrol count: 15
01:06:29.481 [Expansion Quests] Added new objective data for type=AICAMP | Key=gy_2_9QGetczRuJF-G5_jusM0qdITbSngdhMXbxDEkM= | ID=777
01:06:29.482 [Expansion Quests] Added new objective data for type=AIESCORT | Key=gy_2_9QGetczRuJF-G5_jusM0qdITbSngdhMXbxDEkM= | ID=778
01:06:29.484 [Expansion Quests] Updated and saved persistent player quest data for player with UID=gy_2_9QGetczRuJF-G5_jusM0qdITbSngdhMXbxDEkM= | Quest ID=777
01:06:29.484 [Expansion Quests] Created new quest instance with instance key=gy_2_9QGetczRuJF-G5_jusM0qdITbSngdhMXbxDEkM= for quest with ID=777
01:07:45.289 [AI Patrol 00014] Berezhki (Infected) bots were wiped out (spawn position <13742.322266, 21.672878, 13265.156250>, 1/1 deceased)
01:07:45.290 [AI Patrol 00014] Global patrol count: 14
01:07:45.290 [AI Patrol 00014] Global Expansion AI count: 14 alive, 1 deceased
01:07:45.290 [AI Patrol 00014] Survivor category patrol count: 14
01:07:46.119 [AI Patrol 00011] Spawning 1 Berezino North-East (Infected) bots at <13200.238281, 6.076854, 10538.880859>
01:07:46.134 [AI Patrol 00011] Global patrol count: 15
01:07:46.134 [AI Patrol 00011] Global Expansion AI count: 15 alive, 1 deceased
01:07:46.134 [AI Patrol 00011] Survivor category patrol count: 15
01:08:01.124 [AI Patrol 00027] Spawning 1 Bandidos do Mercado (Shamans) bots at <3298.289063, 236.747879, 4955.979492>
01:08:01.148 [AI Patrol 00027] Global patrol count: 16
01:08:01.149 [AI Patrol 00027] Global Expansion AI count: 16 alive, 1 deceased
01:08:01.149 [AI Patrol 00027] Quest category patrol count: 1
01:08:19.076 [Expansion Quests] Added new objective data for type=AICAMP | Key=gy_2_9QGetczRuJF-G5_jusM0qdITbSngdhMXbxDEkM= | ID=777
01:08:19.076 [Expansion Quests] Added new objective data for type=AIESCORT | Key=gy_2_9QGetczRuJF-G5_jusM0qdITbSngdhMXbxDEkM= | ID=778
01:08:19.078 [Expansion Quests] Updated and saved persistent player quest data for player with UID=gy_2_9QGetczRuJF-G5_jusM0qdITbSngdhMXbxDEkM= | Quest ID=777
01:08:19.083 [Expansion Quests] Added new objective data for type=AICAMP | Key=gy_2_9QGetczRuJF-G5_jusM0qdITbSngdhMXbxDEkM= | ID=777
01:08:19.084 [Expansion Quests] Added new objective data for type=AIESCORT | Key=gy_2_9QGetczRuJF-G5_jusM0qdITbSngdhMXbxDEkM= | ID=778
01:08:19.089 [Expansion Quests] Updated and saved persistent player quest data for player with UID=gy_2_9QGetczRuJF-G5_jusM0qdITbSngdhMXbxDEkM= | Quest ID=777
01:08:29.060 [Expansion Quests] Added new objective data for type=AICAMP | Key=gy_2_9QGetczRuJF-G5_jusM0qdITbSngdhMXbxDEkM= | ID=777
01:08:29.061 [Expansion Quests] Added new objective data for type=AIESCORT | Key=gy_2_9QGetczRuJF-G5_jusM0qdITbSngdhMXbxDEkM= | ID=778
01:08:29.064 [Expansion Quests] Updated and saved persistent player quest data for player with UID=gy_2_9QGetczRuJF-G5_jusM0qdITbSngdhMXbxDEkM= | Quest ID=777
01:12:26.053 [AI Patrol 00011] Berezino North-East (Infected) bots were wiped out (spawn position <13200.238281, 6.076854, 10538.880859>, 1/1 deceased)
01:12:26.053 [AI Patrol 00011] Global patrol count: 15
01:12:26.054 [AI Patrol 00011] Global Expansion AI count: 14 alive, 3 deceased
01:12:26.054 [AI Patrol 00011] Survivor category patrol count: 14
01:12:26.338 [AI Patrol 00019] Loaded 1 persistent Kamyshovo (East) bots at <11216.842773, 76.846344, 6608.142090>
01:12:26.339 [AI Patrol 00019] Global patrol count: 16
01:12:26.339 [AI Patrol 00019] Global Expansion AI count: 15 alive, 3 deceased
01:12:26.339 [AI Patrol 00019] Survivor category patrol count: 15
01:16:51.164 [Expansion Quests] Deleted quest with ID=777 is a of player with UID=gy_2_9QGetczRuJF-G5_jusM0qdITbSngdhMXbxDEkM=.
