13:54:10.761 [Expansion Quests] Quest configuration with ID=133 is set to inactive. Skip adding config to quest system..
13:54:10.798 [Expansion Quests] Quest configuration with ID=800 is set to inactive. Skip adding config to quest system..
13:55:02.541 [Expansion Quests] Initialize quest system on the connected client with UID=gy_2_9QGetczRuJF-G5_jusM0qdITbSngdhMXbxDEkM=
13:55:02.543 [Expansion Quests] Created new persistent player quest data for player UID=gy_2_9QGetczRuJF-G5_jusM0qdITbSngdhMXbxDEkM=
13:55:02.543 [Expansion Quests] Create new achievement/auto-start quest for quest ID=8 for player with UID=gy_2_9QGetczRuJF-G5_jusM0qdITbSngdhMXbxDEkM=
13:55:02.544 [Expansion Quests] Added new objective data for type=TARGET | Key= | ID=3
13:55:02.544 [Expansion Quests] Updated and saved persistent player quest data for player with UID=gy_2_9QGetczRuJF-G5_jusM0qdITbSngdhMXbxDEkM= | Quest ID=8
13:55:02.545 [Expansion Quests] Create new achievement/auto-start quest for quest ID=9 for player with UID=gy_2_9QGetczRuJF-G5_jusM0qdITbSngdhMXbxDEkM=
13:55:02.545 [Expansion Quests] Added new objective data for type=TARGET | Key= | ID=2
13:55:02.546 [Expansion Quests] Updated and saved persistent player quest data for player with UID=gy_2_9QGetczRuJF-G5_jusM0qdITbSngdhMXbxDEkM= | Quest ID=9
13:55:02.546 [Expansion Quests] Create new achievement/auto-start quest for quest ID=11 for player with UID=gy_2_9QGetczRuJF-G5_jusM0qdITbSngdhMXbxDEkM=
13:55:02.546 [Expansion Quests] Added new objective data for type=ACTION | Key= | ID=1
13:55:02.547 [Expansion Quests] Updated and saved persistent player quest data for player with UID=gy_2_9QGetczRuJF-G5_jusM0qdITbSngdhMXbxDEkM= | Quest ID=11
13:55:02.547 [Expansion Quests] Create new achievement/auto-start quest for quest ID=14 for player with UID=gy_2_9QGetczRuJF-G5_jusM0qdITbSngdhMXbxDEkM=
13:55:02.548 [Expansion Quests] Added new objective data for type=TRAVEL | Key= | ID=3
13:55:02.549 [Expansion Quests] Updated and saved persistent player quest data for player with UID=gy_2_9QGetczRuJF-G5_jusM0qdITbSngdhMXbxDEkM= | Quest ID=14
13:55:02.549 [Expansion Quests] Create new achievement/auto-start quest for quest ID=100 for player with UID=gy_2_9QGetczRuJF-G5_jusM0qdITbSngdhMXbxDEkM=
13:55:02.550 [Expansion Quests] Added new objective data for type=ACTION | Key= | ID=1
13:55:02.550 [Expansion Quests] Updated and saved persistent player quest data for player with UID=gy_2_9QGetczRuJF-G5_jusM0qdITbSngdhMXbxDEkM= | Quest ID=100
13:55:02.550 [Expansion Quests] Create new achievement/auto-start quest for quest ID=101 for player with UID=gy_2_9QGetczRuJF-G5_jusM0qdITbSngdhMXbxDEkM=
13:55:02.551 [Expansion Quests] Added new objective data for type=ACTION | Key= | ID=2
13:55:02.551 [Expansion Quests] Updated and saved persistent player quest data for player with UID=gy_2_9QGetczRuJF-G5_jusM0qdITbSngdhMXbxDEkM= | Quest ID=101
13:55:02.552 [Expansion Quests] Create new achievement/auto-start quest for quest ID=103 for player with UID=gy_2_9QGetczRuJF-G5_jusM0qdITbSngdhMXbxDEkM=
13:55:02.552 [Expansion Quests] Added new objective data for type=ACTION | Key= | ID=3
13:55:02.552 [Expansion Quests] Updated and saved persistent player quest data for player with UID=gy_2_9QGetczRuJF-G5_jusM0qdITbSngdhMXbxDEkM= | Quest ID=103
13:55:02.553 [Expansion Quests] Create new achievement/auto-start quest for quest ID=104 for player with UID=gy_2_9QGetczRuJF-G5_jusM0qdITbSngdhMXbxDEkM=
13:55:02.553 [Expansion Quests] Added new objective data for type=ACTION | Key= | ID=4
13:55:02.554 [Expansion Quests] Updated and saved persistent player quest data for player with UID=gy_2_9QGetczRuJF-G5_jusM0qdITbSngdhMXbxDEkM= | Quest ID=104
13:55:02.554 [Expansion Quests] Create new achievement/auto-start quest for quest ID=105 for player with UID=gy_2_9QGetczRuJF-G5_jusM0qdITbSngdhMXbxDEkM=
13:55:02.554 [Expansion Quests] Added new objective data for type=ACTION | Key= | ID=5
13:55:02.555 [Expansion Quests] Updated and saved persistent player quest data for player with UID=gy_2_9QGetczRuJF-G5_jusM0qdITbSngdhMXbxDEkM= | Quest ID=105
13:55:02.555 [Expansion Quests] Create new achievement/auto-start quest for quest ID=106 for player with UID=gy_2_9QGetczRuJF-G5_jusM0qdITbSngdhMXbxDEkM=
13:55:02.556 [Expansion Quests] Added new objective data for type=ACTION | Key= | ID=6
13:55:02.556 [Expansion Quests] Updated and saved persistent player quest data for player with UID=gy_2_9QGetczRuJF-G5_jusM0qdITbSngdhMXbxDEkM= | Quest ID=106
13:55:02.556 [Expansion Quests] Create new achievement/auto-start quest for quest ID=107 for player with UID=gy_2_9QGetczRuJF-G5_jusM0qdITbSngdhMXbxDEkM=
13:55:02.557 [Expansion Quests] Added new objective data for type=ACTION | Key= | ID=7
13:55:02.557 [Expansion Quests] Updated and saved persistent player quest data for player with UID=gy_2_9QGetczRuJF-G5_jusM0qdITbSngdhMXbxDEkM= | Quest ID=107
13:55:02.558 [Expansion Quests] Create new achievement/auto-start quest for quest ID=108 for player with UID=gy_2_9QGetczRuJF-G5_jusM0qdITbSngdhMXbxDEkM=
13:55:02.558 [Expansion Quests] Added new objective data for type=ACTION | Key= | ID=8
13:55:02.559 [Expansion Quests] Updated and saved persistent player quest data for player with UID=gy_2_9QGetczRuJF-G5_jusM0qdITbSngdhMXbxDEkM= | Quest ID=108
13:55:02.559 [Expansion Quests] Create new achievement/auto-start quest for quest ID=109 for player with UID=gy_2_9QGetczRuJF-G5_jusM0qdITbSngdhMXbxDEkM=
13:55:02.559 [Expansion Quests] Added new objective data for type=ACTION | Key= | ID=9
13:55:02.560 [Expansion Quests] Updated and saved persistent player quest data for player with UID=gy_2_9QGetczRuJF-G5_jusM0qdITbSngdhMXbxDEkM= | Quest ID=109
13:55:02.560 [Expansion Quests] Create new achievement/auto-start quest for quest ID=110 for player with UID=gy_2_9QGetczRuJF-G5_jusM0qdITbSngdhMXbxDEkM=
13:55:02.561 [Expansion Quests] Added new objective data for type=ACTION | Key= | ID=10
13:55:02.561 [Expansion Quests] Updated and saved persistent player quest data for player with UID=gy_2_9QGetczRuJF-G5_jusM0qdITbSngdhMXbxDEkM= | Quest ID=110
13:55:02.561 [Expansion Quests] Create new achievement/auto-start quest for quest ID=111 for player with UID=gy_2_9QGetczRuJF-G5_jusM0qdITbSngdhMXbxDEkM=
13:55:02.562 [Expansion Quests] Added new objective data for type=ACTION | Key= | ID=11
13:55:02.563 [Expansion Quests] Updated and saved persistent player quest data for player with UID=gy_2_9QGetczRuJF-G5_jusM0qdITbSngdhMXbxDEkM= | Quest ID=111
13:55:02.563 [Expansion Quests] Create new achievement/auto-start quest for quest ID=112 for player with UID=gy_2_9QGetczRuJF-G5_jusM0qdITbSngdhMXbxDEkM=
13:55:02.564 [Expansion Quests] Added new objective data for type=ACTION | Key= | ID=12
13:55:02.564 [Expansion Quests] Updated and saved persistent player quest data for player with UID=gy_2_9QGetczRuJF-G5_jusM0qdITbSngdhMXbxDEkM= | Quest ID=112
13:55:02.565 [Expansion Quests] Create new achievement/auto-start quest for quest ID=113 for player with UID=gy_2_9QGetczRuJF-G5_jusM0qdITbSngdhMXbxDEkM=
13:55:02.565 [Expansion Quests] Added new objective data for type=ACTION | Key= | ID=13
13:55:02.566 [Expansion Quests] Updated and saved persistent player quest data for player with UID=gy_2_9QGetczRuJF-G5_jusM0qdITbSngdhMXbxDEkM= | Quest ID=113
13:55:02.566 [Expansion Quests] Create new achievement/auto-start quest for quest ID=114 for player with UID=gy_2_9QGetczRuJF-G5_jusM0qdITbSngdhMXbxDEkM=
13:55:02.567 [Expansion Quests] Added new objective data for type=ACTION | Key= | ID=14
13:55:02.567 [Expansion Quests] Updated and saved persistent player quest data for player with UID=gy_2_9QGetczRuJF-G5_jusM0qdITbSngdhMXbxDEkM= | Quest ID=114
13:55:02.567 [Expansion Quests] Create new achievement/auto-start quest for quest ID=115 for player with UID=gy_2_9QGetczRuJF-G5_jusM0qdITbSngdhMXbxDEkM=
13:55:02.568 [Expansion Quests] Added new objective data for type=ACTION | Key= | ID=15
13:55:02.568 [Expansion Quests] Updated and saved persistent player quest data for player with UID=gy_2_9QGetczRuJF-G5_jusM0qdITbSngdhMXbxDEkM= | Quest ID=115
13:55:02.568 [Expansion Quests] Create new achievement/auto-start quest for quest ID=116 for player with UID=gy_2_9QGetczRuJF-G5_jusM0qdITbSngdhMXbxDEkM=
13:55:02.569 [Expansion Quests] Added new objective data for type=ACTION | Key= | ID=16
13:55:02.569 [Expansion Quests] Updated and saved persistent player quest data for player with UID=gy_2_9QGetczRuJF-G5_jusM0qdITbSngdhMXbxDEkM= | Quest ID=116
13:55:02.569 [Expansion Quests] Create new achievement/auto-start quest for quest ID=117 for player with UID=gy_2_9QGetczRuJF-G5_jusM0qdITbSngdhMXbxDEkM=
13:55:02.570 [Expansion Quests] Added new objective data for type=ACTION | Key= | ID=17
13:55:02.570 [Expansion Quests] Updated and saved persistent player quest data for player with UID=gy_2_9QGetczRuJF-G5_jusM0qdITbSngdhMXbxDEkM= | Quest ID=117
13:55:02.571 [Expansion Quests] Create new achievement/auto-start quest for quest ID=118 for player with UID=gy_2_9QGetczRuJF-G5_jusM0qdITbSngdhMXbxDEkM=
13:55:02.572 [Expansion Quests] Added new objective data for type=ACTION | Key= | ID=18
13:55:02.572 [Expansion Quests] Updated and saved persistent player quest data for player with UID=gy_2_9QGetczRuJF-G5_jusM0qdITbSngdhMXbxDEkM= | Quest ID=118
13:55:02.573 [Expansion Quests] Create new achievement/auto-start quest for quest ID=119 for player with UID=gy_2_9QGetczRuJF-G5_jusM0qdITbSngdhMXbxDEkM=
13:55:02.573 [Expansion Quests] Added new objective data for type=ACTION | Key= | ID=19
13:55:02.573 [Expansion Quests] Updated and saved persistent player quest data for player with UID=gy_2_9QGetczRuJF-G5_jusM0qdITbSngdhMXbxDEkM= | Quest ID=119
13:55:02.574 [Expansion Quests] Create new achievement/auto-start quest for quest ID=120 for player with UID=gy_2_9QGetczRuJF-G5_jusM0qdITbSngdhMXbxDEkM=
13:55:02.574 [Expansion Quests] Added new objective data for type=ACTION | Key= | ID=20
13:55:02.575 [Expansion Quests] Updated and saved persistent player quest data for player with UID=gy_2_9QGetczRuJF-G5_jusM0qdITbSngdhMXbxDEkM= | Quest ID=120
13:55:02.575 [Expansion Quests] Create new achievement/auto-start quest for quest ID=121 for player with UID=gy_2_9QGetczRuJF-G5_jusM0qdITbSngdhMXbxDEkM=
13:55:02.576 [Expansion Quests] Added new objective data for type=ACTION | Key= | ID=21
13:55:02.577 [Expansion Quests] Updated and saved persistent player quest data for player with UID=gy_2_9QGetczRuJF-G5_jusM0qdITbSngdhMXbxDEkM= | Quest ID=121
13:55:02.577 [Expansion Quests] Create new achievement/auto-start quest for quest ID=122 for player with UID=gy_2_9QGetczRuJF-G5_jusM0qdITbSngdhMXbxDEkM=
13:55:02.578 [Expansion Quests] Added new objective data for type=ACTION | Key= | ID=22
13:55:02.578 [Expansion Quests] Updated and saved persistent player quest data for player with UID=gy_2_9QGetczRuJF-G5_jusM0qdITbSngdhMXbxDEkM= | Quest ID=122
13:55:02.578 [Expansion Quests] Create new achievement/auto-start quest for quest ID=123 for player with UID=gy_2_9QGetczRuJF-G5_jusM0qdITbSngdhMXbxDEkM=
13:55:02.579 [Expansion Quests] Added new objective data for type=ACTION | Key= | ID=23
13:55:02.579 [Expansion Quests] Updated and saved persistent player quest data for player with UID=gy_2_9QGetczRuJF-G5_jusM0qdITbSngdhMXbxDEkM= | Quest ID=123
13:55:02.580 [Expansion Quests] Create new achievement/auto-start quest for quest ID=124 for player with UID=gy_2_9QGetczRuJF-G5_jusM0qdITbSngdhMXbxDEkM=
13:55:02.580 [Expansion Quests] Added new objective data for type=ACTION | Key= | ID=24
13:55:02.581 [Expansion Quests] Updated and saved persistent player quest data for player with UID=gy_2_9QGetczRuJF-G5_jusM0qdITbSngdhMXbxDEkM= | Quest ID=124
13:55:02.589 [Expansion Quests] Sending gy_2_9QGetczRuJF-G5_jusM0qdITbSngdhMXbxDEkM= quest configs to client for player with UID=gy_2_9QGetczRuJF-G5_jusM0qdITbSngdhMXbxDEkM=
13:55:02.590 [Expansion Quests] Sending player quest data for 28 quests to player with UID=gy_2_9QGetczRuJF-G5_jusM0qdITbSngdhMXbxDEkM=
13:55:03.025 [Expansion Quests] Added new objective data for type=TRAVEL | Key= | ID=3
13:55:03.030 [Expansion Quests] Updated and saved persistent player quest data for player with UID=gy_2_9QGetczRuJF-G5_jusM0qdITbSngdhMXbxDEkM= | Quest ID=14
13:55:43.088 [Expansion Quests] Added new objective data for type=TRAVEL | Key= | ID=3
13:55:43.104 [Expansion Quests] Updated and saved persistent player quest data for player with UID=gy_2_9QGetczRuJF-G5_jusM0qdITbSngdhMXbxDEkM= | Quest ID=14
13:55:43.105 [Expansion Quests] Player with UID=gy_2_9QGetczRuJF-G5_jusM0qdITbSngdhMXbxDEkM= has completed quest with ID=14
13:55:43.124 [Expansion Quests] Updated and saved persistent player quest data for player with UID=gy_2_9QGetczRuJF-G5_jusM0qdITbSngdhMXbxDEkM= | Quest ID=14
13:56:23.726 [Expansion Quests] Deleted quest with ID=8 is a of player with UID=gy_2_9QGetczRuJF-G5_jusM0qdITbSngdhMXbxDEkM=.
13:56:23.727 [Expansion Quests] Deleted quest with ID=9 is a of player with UID=gy_2_9QGetczRuJF-G5_jusM0qdITbSngdhMXbxDEkM=.
13:56:23.727 [Expansion Quests] Deleted quest with ID=11 is a of player with UID=gy_2_9QGetczRuJF-G5_jusM0qdITbSngdhMXbxDEkM=.
13:56:23.728 [Expansion Quests] Deleted quest with ID=100 is a of player with UID=gy_2_9QGetczRuJF-G5_jusM0qdITbSngdhMXbxDEkM=.
13:56:23.728 [Expansion Quests] Deleted quest with ID=101 is a of player with UID=gy_2_9QGetczRuJF-G5_jusM0qdITbSngdhMXbxDEkM=.
13:56:23.728 [Expansion Quests] Deleted quest with ID=103 is a of player with UID=gy_2_9QGetczRuJF-G5_jusM0qdITbSngdhMXbxDEkM=.
13:56:23.729 [Expansion Quests] Deleted quest with ID=104 is a of player with UID=gy_2_9QGetczRuJF-G5_jusM0qdITbSngdhMXbxDEkM=.
13:56:23.729 [Expansion Quests] Deleted quest with ID=105 is a of player with UID=gy_2_9QGetczRuJF-G5_jusM0qdITbSngdhMXbxDEkM=.
13:56:23.729 [Expansion Quests] Deleted quest with ID=106 is a of player with UID=gy_2_9QGetczRuJF-G5_jusM0qdITbSngdhMXbxDEkM=.
13:56:23.730 [Expansion Quests] Deleted quest with ID=107 is a of player with UID=gy_2_9QGetczRuJF-G5_jusM0qdITbSngdhMXbxDEkM=.
13:56:23.730 [Expansion Quests] Deleted quest with ID=108 is a of player with UID=gy_2_9QGetczRuJF-G5_jusM0qdITbSngdhMXbxDEkM=.
13:56:23.730 [Expansion Quests] Deleted quest with ID=109 is a of player with UID=gy_2_9QGetczRuJF-G5_jusM0qdITbSngdhMXbxDEkM=.
13:56:23.731 [Expansion Quests] Deleted quest with ID=110 is a of player with UID=gy_2_9QGetczRuJF-G5_jusM0qdITbSngdhMXbxDEkM=.
13:56:23.731 [Expansion Quests] Deleted quest with ID=111 is a of player with UID=gy_2_9QGetczRuJF-G5_jusM0qdITbSngdhMXbxDEkM=.
13:56:23.731 [Expansion Quests] Deleted quest with ID=112 is a of player with UID=gy_2_9QGetczRuJF-G5_jusM0qdITbSngdhMXbxDEkM=.
13:56:23.731 [Expansion Quests] Deleted quest with ID=113 is a of player with UID=gy_2_9QGetczRuJF-G5_jusM0qdITbSngdhMXbxDEkM=.
13:56:23.732 [Expansion Quests] Deleted quest with ID=114 is a of player with UID=gy_2_9QGetczRuJF-G5_jusM0qdITbSngdhMXbxDEkM=.
13:56:23.732 [Expansion Quests] Deleted quest with ID=115 is a of player with UID=gy_2_9QGetczRuJF-G5_jusM0qdITbSngdhMXbxDEkM=.
13:56:23.732 [Expansion Quests] Deleted quest with ID=116 is a of player with UID=gy_2_9QGetczRuJF-G5_jusM0qdITbSngdhMXbxDEkM=.
13:56:23.733 [Expansion Quests] Deleted quest with ID=117 is a of player with UID=gy_2_9QGetczRuJF-G5_jusM0qdITbSngdhMXbxDEkM=.
13:56:23.733 [Expansion Quests] Deleted quest with ID=118 is a of player with UID=gy_2_9QGetczRuJF-G5_jusM0qdITbSngdhMXbxDEkM=.
13:56:23.733 [Expansion Quests] Deleted quest with ID=119 is a of player with UID=gy_2_9QGetczRuJF-G5_jusM0qdITbSngdhMXbxDEkM=.
13:56:23.733 [Expansion Quests] Deleted quest with ID=120 is a of player with UID=gy_2_9QGetczRuJF-G5_jusM0qdITbSngdhMXbxDEkM=.
13:56:23.734 [Expansion Quests] Deleted quest with ID=121 is a of player with UID=gy_2_9QGetczRuJF-G5_jusM0qdITbSngdhMXbxDEkM=.
13:56:23.734 [Expansion Quests] Deleted quest with ID=122 is a of player with UID=gy_2_9QGetczRuJF-G5_jusM0qdITbSngdhMXbxDEkM=.
13:56:23.734 [Expansion Quests] Deleted quest with ID=123 is a of player with UID=gy_2_9QGetczRuJF-G5_jusM0qdITbSngdhMXbxDEkM=.
13:56:23.735 [Expansion Quests] Deleted quest with ID=124 is a of player with UID=gy_2_9QGetczRuJF-G5_jusM0qdITbSngdhMXbxDEkM=.
