00:13:32.060 [Expansion Quests] Initialize quest system on the connected client with UID=gy_2_9QGetczRuJF-G5_jusM0qdITbSngdhMXbxDEkM=
00:13:32.065 [Expansion Quests] Loaded existing player quest data for player with UID=gy_2_9QGetczRuJF-G5_jusM0qdITbSngdhMXbxDEkM=
00:13:32.065 [Expansion Quests] Check quest initialization for quest with ID=777 | State=STARTED | Player UID=gy_2_9QGetczRuJF-G5_jusM0qdITbSngdhMXbxDEkM=
00:13:32.065 [Expansion Quests] Create new quest instance for quest with ID=777 | Player UID=gy_2_9QGetczRuJF-G5_jusM0qdITbSngdhMXbxDEkM=
00:13:32.075 [Expansion Quests] Sending gy_2_9QGetczRuJF-G5_jusM0qdITbSngdhMXbxDEkM= quest configs to client for player with UID=gy_2_9QGetczRuJF-G5_jusM0qdITbSngdhMXbxDEkM=
00:13:32.076 [Expansion Quests] Sending player quest data for 1 quests to player with UID=gy_2_9QGetczRuJF-G5_jusM0qdITbSngdhMXbxDEkM=
00:13:32.573 [AI Patrol 00010] Loaded 1 persistent Berezino North-East (Infected) bots at <12898.619141, 6.034990, 10171.699219>
00:13:32.573 [AI Patrol 00010] Global patrol count: 1
00:13:32.573 [AI Patrol 00010] Global Expansion AI count: 1 alive, 0 deceased
00:13:32.574 [AI Patrol 00010] Survivor category patrol count: 1
00:13:32.618 [AI Patrol 00011] Spawning 1 Berezino North (Lunatics) bots at <12592.173828, 37.214073, 10401.323242>
00:13:32.644 [AI Patrol 00011] Global patrol count: 2
00:13:32.644 [AI Patrol 00011] Global Expansion AI count: 2 alive, 0 deceased
00:13:32.645 [AI Patrol 00011] Survivor category patrol count: 2
00:13:32.677 [AI Patrol 00019] Loaded 1 persistent Elektrozavodsk West (Mercenaries) bots at <9423.951172, 6.343089, 2000.736816>
00:13:32.678 [AI Patrol 00019] Global patrol count: 3
00:13:32.678 [AI Patrol 00019] Global Expansion AI count: 3 alive, 0 deceased
00:13:32.679 [AI Patrol 00019] Survivor category patrol count: 3
00:13:32.760 [AI Patrol 00020] Loaded 1 persistent Chernogorsk East (Raiders) bots at <9939.543945, 98.423912, 3271.510498>
00:13:32.760 [AI Patrol 00020] Global patrol count: 4
00:13:32.761 [AI Patrol 00020] Global Expansion AI count: 4 alive, 0 deceased
00:13:32.761 [AI Patrol 00020] Survivor category patrol count: 4
00:13:32.823 [AI Patrol 00015] Loaded 1 persistent Solnechny (West) bots at <13427.714844, 6.166728, 6376.770508>
00:13:32.823 [AI Patrol 00015] Global patrol count: 5
00:13:32.823 [AI Patrol 00015] Global Expansion AI count: 5 alive, 0 deceased
00:13:32.824 [AI Patrol 00015] Survivor category patrol count: 5
00:13:32.978 [AI Patrol 00012] Loaded 1 persistent Berezhki (Infected) bots at <14550.007813, 113.237366, 14597.167969>
00:13:32.979 [AI Patrol 00012] Global patrol count: 6
00:13:32.979 [AI Patrol 00012] Global Expansion AI count: 6 alive, 0 deceased
00:13:32.980 [AI Patrol 00012] Survivor category patrol count: 6
00:13:33.001 [AI Patrol 00009] Loaded 1 persistent Svetloyarsk South-East (West) bots at <13844.158203, 22.836836, 13212.492188>
00:13:33.001 [AI Patrol 00009] Global patrol count: 7
00:13:33.001 [AI Patrol 00009] Global Expansion AI count: 7 alive, 0 deceased
00:13:33.002 [AI Patrol 00009] Survivor category patrol count: 7
00:13:33.028 [AI Patrol 00021] Loaded 1 persistent Prigorodki South-East (Raiders) bots at <7763.402344, 9.761568, 3270.708740>
00:13:33.029 [AI Patrol 00021] Global patrol count: 8
00:13:33.029 [AI Patrol 00021] Global Expansion AI count: 8 alive, 0 deceased
00:13:33.030 [AI Patrol 00021] Survivor category patrol count: 8
00:13:33.140 [AI Patrol 00017] Loaded 1 persistent Kamyshovo (East) bots at <12054.673828, 9.572801, 3609.049805>
00:13:33.140 [AI Patrol 00017] Global patrol count: 9
00:13:33.140 [AI Patrol 00017] Global Expansion AI count: 9 alive, 0 deceased
00:13:33.140 [AI Patrol 00017] Survivor category patrol count: 9
00:13:33.188 [AI Patrol 00013] Loaded 1 persistent Berezino South-East (Lunatics) bots at <12888.976563, 6.370902, 10104.571289>
00:13:33.188 [AI Patrol 00013] Global patrol count: 10
00:13:33.189 [AI Patrol 00013] Global Expansion AI count: 10 alive, 0 deceased
00:13:33.189 [AI Patrol 00013] Survivor category patrol count: 10
00:13:33.232 [AI Patrol 00018] Loaded 1 persistent Elektrozavodsk North-East (Guards) bots at <10904.748047, -0.452542, 2448.770752>
00:13:33.232 [AI Patrol 00018] Global patrol count: 11
00:13:33.233 [AI Patrol 00018] Global Expansion AI count: 11 alive, 0 deceased
00:13:33.233 [AI Patrol 00018] Survivor category patrol count: 11
00:13:33.297 [AI Patrol 00014] Loaded 1 persistent Nizhneye North-East (Lunatics) bots at <12481.434570, 122.354263, 7566.997559>
00:13:33.297 [AI Patrol 00014] Global patrol count: 12
00:13:33.298 [AI Patrol 00014] Global Expansion AI count: 12 alive, 0 deceased
00:13:33.298 [AI Patrol 00014] Survivor category patrol count: 12
00:13:33.350 [AI Patrol 00008] Loaded 1 persistent Svetloyarsk (Civilian) bots at <13952.372070, 3.314968, 13443.992188>
00:13:33.351 [AI Patrol 00008] Global patrol count: 13
00:13:33.351 [AI Patrol 00008] Global Expansion AI count: 13 alive, 0 deceased
00:13:33.351 [AI Patrol 00008] Survivor category patrol count: 13
00:13:33.384 [AI Patrol 00016] Loaded 1 persistent Solnechny South (West) bots at <13428.625977, 5.953128, 6227.594727>
00:13:33.384 [AI Patrol 00016] Global patrol count: 14
00:13:33.385 [AI Patrol 00016] Global Expansion AI count: 14 alive, 0 deceased
00:13:33.385 [AI Patrol 00016] Survivor category patrol count: 14
00:14:17.761 [Expansion Quests] Added new objective data for type=TRAVEL | Key=gy_2_9QGetczRuJF-G5_jusM0qdITbSngdhMXbxDEkM= | ID=779
00:14:17.762 [Expansion Quests] Added new objective data for type=AICAMP | Key=gy_2_9QGetczRuJF-G5_jusM0qdITbSngdhMXbxDEkM= | ID=780
00:14:17.763 [Expansion Quests] Updated and saved persistent player quest data for player with UID=gy_2_9QGetczRuJF-G5_jusM0qdITbSngdhMXbxDEkM= | Quest ID=779
00:14:17.763 [Expansion Quests] Created new quest instance with instance key=gy_2_9QGetczRuJF-G5_jusM0qdITbSngdhMXbxDEkM= for quest with ID=779
00:14:18.261 [Expansion Quests] Added new objective data for type=TRAVEL | Key=gy_2_9QGetczRuJF-G5_jusM0qdITbSngdhMXbxDEkM= | ID=779
00:14:18.261 [Expansion Quests] Added new objective data for type=AICAMP | Key=gy_2_9QGetczRuJF-G5_jusM0qdITbSngdhMXbxDEkM= | ID=780
00:14:18.263 [Expansion Quests] Updated and saved persistent player quest data for player with UID=gy_2_9QGetczRuJF-G5_jusM0qdITbSngdhMXbxDEkM= | Quest ID=779
00:14:59.652 [Expansion Quests] Added new objective data for type=TRAVEL | Key=gy_2_9QGetczRuJF-G5_jusM0qdITbSngdhMXbxDEkM= | ID=779
00:14:59.653 [Expansion Quests] Added new objective data for type=AICAMP | Key=gy_2_9QGetczRuJF-G5_jusM0qdITbSngdhMXbxDEkM= | ID=780
00:14:59.655 [Expansion Quests] Updated and saved persistent player quest data for player with UID=gy_2_9QGetczRuJF-G5_jusM0qdITbSngdhMXbxDEkM= | Quest ID=779
00:14:59.887 [AI Patrol 00024] Spawning 1 Guarda de Elite (Shamans) bots at <4550.000000, 350.856689, 5420.000000>
00:14:59.915 [AI Patrol 00024] Global patrol count: 15
00:14:59.916 [AI Patrol 00024] Global Expansion AI count: 15 alive, 0 deceased
00:14:59.916 [AI Patrol 00024] Quest category patrol count: 1
00:15:00.454 [AI Patrol 00025] Spawning 1 O Açougueiro (CHEFE) (Shamans) bots at <4565.000000, 353.250031, 5435.000000>
00:15:00.476 [AI Patrol 00025] Global patrol count: 16
00:15:00.476 [AI Patrol 00025] Global Expansion AI count: 16 alive, 0 deceased
00:15:00.477 [AI Patrol 00025] Quest category patrol count: 2
00:15:48.647 [Expansion Quests] Added new objective data for type=TRAVEL | Key=gy_2_9QGetczRuJF-G5_jusM0qdITbSngdhMXbxDEkM= | ID=779
00:15:48.648 [Expansion Quests] Added new objective data for type=AICAMP | Key=gy_2_9QGetczRuJF-G5_jusM0qdITbSngdhMXbxDEkM= | ID=780
00:15:48.650 [Expansion Quests] Updated and saved persistent player quest data for player with UID=gy_2_9QGetczRuJF-G5_jusM0qdITbSngdhMXbxDEkM= | Quest ID=779
00:15:49.886 [AI Patrol 00024] Guarda de Elite (Shamans) bots were wiped out (spawn position <4550.000000, 350.856689, 5420.000000>, 1/1 deceased)
00:15:49.887 [AI Patrol 00024] Global patrol count: 15
00:15:49.888 [AI Patrol 00024] Global Expansion AI count: 15 alive, 1 deceased
00:15:49.888 [AI Patrol 00024] Quest category patrol count: 1
00:16:21.510 [Expansion Quests] Added new objective data for type=TRAVEL | Key=gy_2_9QGetczRuJF-G5_jusM0qdITbSngdhMXbxDEkM= | ID=779
00:16:21.510 [Expansion Quests] Added new objective data for type=AICAMP | Key=gy_2_9QGetczRuJF-G5_jusM0qdITbSngdhMXbxDEkM= | ID=780
00:16:21.512 [Expansion Quests] Updated and saved persistent player quest data for player with UID=gy_2_9QGetczRuJF-G5_jusM0qdITbSngdhMXbxDEkM= | Quest ID=779
00:17:15.356 [Expansion Quests] Added new objective data for type=TRAVEL | Key=gy_2_9QGetczRuJF-G5_jusM0qdITbSngdhMXbxDEkM= | ID=779
00:17:15.357 [Expansion Quests] Added new objective data for type=AICAMP | Key=gy_2_9QGetczRuJF-G5_jusM0qdITbSngdhMXbxDEkM= | ID=780
00:17:15.367 [Expansion Quests] Updated and saved persistent player quest data for player with UID=gy_2_9QGetczRuJF-G5_jusM0qdITbSngdhMXbxDEkM= | Quest ID=779
00:17:15.368 [Expansion Quests] Player with UID=gy_2_9QGetczRuJF-G5_jusM0qdITbSngdhMXbxDEkM= has completed quest with ID=779
00:18:08.810 [AI Patrol 00007] Spawning 1 Bandidos do Mercado (Shamans) bots at <3315.607178, 238.823196, 4967.072266>
00:18:08.822 [AI Patrol 00007] Global patrol count: 16
00:18:08.822 [AI Patrol 00007] Global Expansion AI count: 15 alive, 2 deceased
00:18:08.823 [AI Patrol 00007] Quest category patrol count: 2
00:18:12.381 [AI Patrol 00010] Berezino North-East (Infected) bots were wiped out (spawn position <12898.619141, 6.034990, 10171.699219>, 1/1 deceased)
00:18:12.381 [AI Patrol 00010] Global patrol count: 15
00:18:12.382 [AI Patrol 00010] Global Expansion AI count: 14 alive, 3 deceased
00:18:12.382 [AI Patrol 00010] Survivor category patrol count: 13
00:18:51.741 [Expansion Quests] Added new objective data for type=AICAMP | Key=gy_2_9QGetczRuJF-G5_jusM0qdITbSngdhMXbxDEkM= | ID=777
00:18:51.742 [Expansion Quests] Added new objective data for type=AIESCORT | Key=gy_2_9QGetczRuJF-G5_jusM0qdITbSngdhMXbxDEkM= | ID=778
00:18:51.744 [Expansion Quests] Updated and saved persistent player quest data for player with UID=gy_2_9QGetczRuJF-G5_jusM0qdITbSngdhMXbxDEkM= | Quest ID=777
00:19:01.710 [Expansion Quests] Added new objective data for type=AICAMP | Key=gy_2_9QGetczRuJF-G5_jusM0qdITbSngdhMXbxDEkM= | ID=777
00:19:01.711 [Expansion Quests] Added new objective data for type=AIESCORT | Key=gy_2_9QGetczRuJF-G5_jusM0qdITbSngdhMXbxDEkM= | ID=778
00:19:01.712 [Expansion Quests] Updated and saved persistent player quest data for player with UID=gy_2_9QGetczRuJF-G5_jusM0qdITbSngdhMXbxDEkM= | Quest ID=777
00:19:11.710 [Expansion Quests] Added new objective data for type=AICAMP | Key=gy_2_9QGetczRuJF-G5_jusM0qdITbSngdhMXbxDEkM= | ID=777
00:19:11.710 [Expansion Quests] Added new objective data for type=AIESCORT | Key=gy_2_9QGetczRuJF-G5_jusM0qdITbSngdhMXbxDEkM= | ID=778
00:19:11.712 [Expansion Quests] Updated and saved persistent player quest data for player with UID=gy_2_9QGetczRuJF-G5_jusM0qdITbSngdhMXbxDEkM= | Quest ID=777
00:19:21.710 [Expansion Quests] Added new objective data for type=AICAMP | Key=gy_2_9QGetczRuJF-G5_jusM0qdITbSngdhMXbxDEkM= | ID=777
00:19:21.710 [Expansion Quests] Added new objective data for type=AIESCORT | Key=gy_2_9QGetczRuJF-G5_jusM0qdITbSngdhMXbxDEkM= | ID=778
00:19:21.712 [Expansion Quests] Updated and saved persistent player quest data for player with UID=gy_2_9QGetczRuJF-G5_jusM0qdITbSngdhMXbxDEkM= | Quest ID=777
00:19:31.710 [Expansion Quests] Added new objective data for type=AICAMP | Key=gy_2_9QGetczRuJF-G5_jusM0qdITbSngdhMXbxDEkM= | ID=777
00:19:31.710 [Expansion Quests] Added new objective data for type=AIESCORT | Key=gy_2_9QGetczRuJF-G5_jusM0qdITbSngdhMXbxDEkM= | ID=778
00:19:31.712 [Expansion Quests] Updated and saved persistent player quest data for player with UID=gy_2_9QGetczRuJF-G5_jusM0qdITbSngdhMXbxDEkM= | Quest ID=777
00:19:41.710 [Expansion Quests] Added new objective data for type=AICAMP | Key=gy_2_9QGetczRuJF-G5_jusM0qdITbSngdhMXbxDEkM= | ID=777
00:19:41.710 [Expansion Quests] Added new objective data for type=AIESCORT | Key=gy_2_9QGetczRuJF-G5_jusM0qdITbSngdhMXbxDEkM= | ID=778
00:19:41.712 [Expansion Quests] Updated and saved persistent player quest data for player with UID=gy_2_9QGetczRuJF-G5_jusM0qdITbSngdhMXbxDEkM= | Quest ID=777
00:19:51.710 [Expansion Quests] Added new objective data for type=AICAMP | Key=gy_2_9QGetczRuJF-G5_jusM0qdITbSngdhMXbxDEkM= | ID=777
00:19:51.710 [Expansion Quests] Added new objective data for type=AIESCORT | Key=gy_2_9QGetczRuJF-G5_jusM0qdITbSngdhMXbxDEkM= | ID=778
00:19:51.712 [Expansion Quests] Updated and saved persistent player quest data for player with UID=gy_2_9QGetczRuJF-G5_jusM0qdITbSngdhMXbxDEkM= | Quest ID=777
00:20:01.719 [Expansion Quests] Added new objective data for type=AICAMP | Key=gy_2_9QGetczRuJF-G5_jusM0qdITbSngdhMXbxDEkM= | ID=777
00:20:01.720 [Expansion Quests] Added new objective data for type=AIESCORT | Key=gy_2_9QGetczRuJF-G5_jusM0qdITbSngdhMXbxDEkM= | ID=778
00:20:01.721 [Expansion Quests] Updated and saved persistent player quest data for player with UID=gy_2_9QGetczRuJF-G5_jusM0qdITbSngdhMXbxDEkM= | Quest ID=777
00:20:07.292 [Expansion Quests] Added new objective data for type=AICAMP | Key=gy_2_9QGetczRuJF-G5_jusM0qdITbSngdhMXbxDEkM= | ID=777
00:20:07.293 [Expansion Quests] Added new objective data for type=AIESCORT | Key=gy_2_9QGetczRuJF-G5_jusM0qdITbSngdhMXbxDEkM= | ID=778
00:20:07.294 [Expansion Quests] Updated and saved persistent player quest data for player with UID=gy_2_9QGetczRuJF-G5_jusM0qdITbSngdhMXbxDEkM= | Quest ID=777
00:20:11.719 [Expansion Quests] Added new objective data for type=AICAMP | Key=gy_2_9QGetczRuJF-G5_jusM0qdITbSngdhMXbxDEkM= | ID=777
00:20:11.720 [Expansion Quests] Added new objective data for type=AIESCORT | Key=gy_2_9QGetczRuJF-G5_jusM0qdITbSngdhMXbxDEkM= | ID=778
00:20:11.721 [Expansion Quests] Updated and saved persistent player quest data for player with UID=gy_2_9QGetczRuJF-G5_jusM0qdITbSngdhMXbxDEkM= | Quest ID=777
00:20:21.844 [Expansion Quests] Added new objective data for type=AICAMP | Key=gy_2_9QGetczRuJF-G5_jusM0qdITbSngdhMXbxDEkM= | ID=777
00:20:21.844 [Expansion Quests] Added new objective data for type=AIESCORT | Key=gy_2_9QGetczRuJF-G5_jusM0qdITbSngdhMXbxDEkM= | ID=778
00:20:21.854 [Expansion Quests] Updated and saved persistent player quest data for player with UID=gy_2_9QGetczRuJF-G5_jusM0qdITbSngdhMXbxDEkM= | Quest ID=777
00:20:21.855 [Expansion Quests] Player with UID=gy_2_9QGetczRuJF-G5_jusM0qdITbSngdhMXbxDEkM= has completed quest with ID=777
00:21:33.129 [AI Patrol 00014] Nizhneye North-East (Lunatics) bots were wiped out (spawn position <12481.434570, 122.354263, 7566.997559>, 1/1 deceased)
00:21:33.129 [AI Patrol 00014] Global patrol count: 14
00:21:33.129 [AI Patrol 00014] Global Expansion AI count: 12 alive, 5 deceased
00:21:33.130 [AI Patrol 00014] Survivor category patrol count: 12
00:21:37.875 [VehicleDeleted] OffroadHatchback (id=FC1E3D605F49AB6B34AFFE928F0042A6 pos=<5859.13, 137.66, 4684.04>)
00:22:32.699 [AI Patrol 00020] Chernogorsk East (Raiders) bots were wiped out (spawn position <9939.543945, 98.423912, 3271.510498>, 1/1 deceased)
00:22:32.699 [AI Patrol 00020] Global patrol count: 13
00:22:32.700 [AI Patrol 00020] Global Expansion AI count: 11 alive, 6 deceased
00:22:32.700 [AI Patrol 00020] Survivor category patrol count: 11
00:25:28.100 [AI Patrol 00013] Berezino South-East (Lunatics) bots were wiped out (spawn position <12888.976563, 6.370902, 10104.571289>, 1/1 deceased)
00:25:28.100 [AI Patrol 00013] Global patrol count: 12
00:25:28.101 [AI Patrol 00013] Global Expansion AI count: 10 alive, 7 deceased
00:25:28.101 [AI Patrol 00013] Survivor category patrol count: 10
00:51:18.222 [AI Patrol 00014] Spawning 1 Nizhneye North-East (Lunatics) bots at <13053.755859, 6.175435, 8321.831055>
00:51:18.229 [AI Patrol 00014] Global patrol count: 13
00:51:18.230 [AI Patrol 00014] Global Expansion AI count: 11 alive, 5 deceased
00:51:18.230 [AI Patrol 00014] Survivor category patrol count: 11
00:52:12.792 [AI Patrol 00020] Spawning 1 Chernogorsk East (Civilian) bots at <8747.670898, 6.937114, 2357.187012>
00:52:12.815 [AI Patrol 00020] Global patrol count: 14
00:52:12.815 [AI Patrol 00020] Global Expansion AI count: 12 alive, 4 deceased
00:52:12.816 [AI Patrol 00020] Survivor category patrol count: 12
00:55:18.193 [AI Patrol 00013] Spawning 1 Berezino South-East (Shamans) bots at <12862.712891, 5.403718, 9249.855469>
00:55:18.204 [AI Patrol 00013] Global patrol count: 15
00:55:18.205 [AI Patrol 00013] Global Expansion AI count: 13 alive, 3 deceased
00:55:18.205 [AI Patrol 00013] Survivor category patrol count: 13
