21:45:53.086 [Expansion Quests] Quest configuration with ID=133 is set to inactive. Skip adding config to quest system..
21:45:53.389 [Expansion Quests] Quest configuration with ID=800 is set to inactive. Skip adding config to quest system..
21:47:53.662 [Expansion Quests] Initialize quest system on the connected client with UID=gy_2_9QGetczRuJF-G5_jusM0qdITbSngdhMXbxDEkM=
21:47:53.673 [Expansion Quests] Loaded existing player quest data for player with UID=gy_2_9QGetczRuJF-G5_jusM0qdITbSngdhMXbxDEkM=
21:47:53.673 [Expansion Quests] Check quest initialization for quest with ID=8 | State=STARTED | Player UID=gy_2_9QGetczRuJF-G5_jusM0qdITbSngdhMXbxDEkM=
21:47:53.674 [Expansion Quests] Create new quest instance for quest with ID=8 | Player UID=gy_2_9QGetczRuJF-G5_jusM0qdITbSngdhMXbxDEkM=
21:47:53.674 [Expansion Quests] Check quest initialization for quest with ID=9 | State=STARTED | Player UID=gy_2_9QGetczRuJF-G5_jusM0qdITbSngdhMXbxDEkM=
21:47:53.675 [Expansion Quests] Create new quest instance for quest with ID=9 | Player UID=gy_2_9QGetczRuJF-G5_jusM0qdITbSngdhMXbxDEkM=
21:47:53.675 [Expansion Quests] Check quest initialization for quest with ID=11 | State=STARTED | Player UID=gy_2_9QGetczRuJF-G5_jusM0qdITbSngdhMXbxDEkM=
21:47:53.675 [Expansion Quests] Create new quest instance for quest with ID=11 | Player UID=gy_2_9QGetczRuJF-G5_jusM0qdITbSngdhMXbxDEkM=
21:47:53.676 [Expansion Quests] Check quest initialization for quest with ID=14 | State=COMPLETED | Player UID=gy_2_9QGetczRuJF-G5_jusM0qdITbSngdhMXbxDEkM=
21:47:53.676 [Expansion Quests] Check quest initialization for quest with ID=100 | State=STARTED | Player UID=gy_2_9QGetczRuJF-G5_jusM0qdITbSngdhMXbxDEkM=
21:47:53.676 [Expansion Quests] Create new quest instance for quest with ID=100 | Player UID=gy_2_9QGetczRuJF-G5_jusM0qdITbSngdhMXbxDEkM=
21:47:53.677 [Expansion Quests] Check quest initialization for quest with ID=101 | State=STARTED | Player UID=gy_2_9QGetczRuJF-G5_jusM0qdITbSngdhMXbxDEkM=
21:47:53.677 [Expansion Quests] Create new quest instance for quest with ID=101 | Player UID=gy_2_9QGetczRuJF-G5_jusM0qdITbSngdhMXbxDEkM=
21:47:53.677 [Expansion Quests] Check quest initialization for quest with ID=103 | State=STARTED | Player UID=gy_2_9QGetczRuJF-G5_jusM0qdITbSngdhMXbxDEkM=
21:47:53.677 [Expansion Quests] Create new quest instance for quest with ID=103 | Player UID=gy_2_9QGetczRuJF-G5_jusM0qdITbSngdhMXbxDEkM=
21:47:53.678 [Expansion Quests] Check quest initialization for quest with ID=104 | State=STARTED | Player UID=gy_2_9QGetczRuJF-G5_jusM0qdITbSngdhMXbxDEkM=
21:47:53.678 [Expansion Quests] Create new quest instance for quest with ID=104 | Player UID=gy_2_9QGetczRuJF-G5_jusM0qdITbSngdhMXbxDEkM=
21:47:53.678 [Expansion Quests] Check quest initialization for quest with ID=105 | State=STARTED | Player UID=gy_2_9QGetczRuJF-G5_jusM0qdITbSngdhMXbxDEkM=
21:47:53.678 [Expansion Quests] Create new quest instance for quest with ID=105 | Player UID=gy_2_9QGetczRuJF-G5_jusM0qdITbSngdhMXbxDEkM=
21:47:53.679 [Expansion Quests] Check quest initialization for quest with ID=106 | State=STARTED | Player UID=gy_2_9QGetczRuJF-G5_jusM0qdITbSngdhMXbxDEkM=
21:47:53.679 [Expansion Quests] Create new quest instance for quest with ID=106 | Player UID=gy_2_9QGetczRuJF-G5_jusM0qdITbSngdhMXbxDEkM=
21:47:53.679 [Expansion Quests] Check quest initialization for quest with ID=107 | State=STARTED | Player UID=gy_2_9QGetczRuJF-G5_jusM0qdITbSngdhMXbxDEkM=
21:47:53.680 [Expansion Quests] Create new quest instance for quest with ID=107 | Player UID=gy_2_9QGetczRuJF-G5_jusM0qdITbSngdhMXbxDEkM=
21:47:53.680 [Expansion Quests] Check quest initialization for quest with ID=108 | State=STARTED | Player UID=gy_2_9QGetczRuJF-G5_jusM0qdITbSngdhMXbxDEkM=
21:47:53.680 [Expansion Quests] Create new quest instance for quest with ID=108 | Player UID=gy_2_9QGetczRuJF-G5_jusM0qdITbSngdhMXbxDEkM=
21:47:53.680 [Expansion Quests] Check quest initialization for quest with ID=109 | State=STARTED | Player UID=gy_2_9QGetczRuJF-G5_jusM0qdITbSngdhMXbxDEkM=
21:47:53.681 [Expansion Quests] Create new quest instance for quest with ID=109 | Player UID=gy_2_9QGetczRuJF-G5_jusM0qdITbSngdhMXbxDEkM=
21:47:53.681 [Expansion Quests] Check quest initialization for quest with ID=110 | State=STARTED | Player UID=gy_2_9QGetczRuJF-G5_jusM0qdITbSngdhMXbxDEkM=
21:47:53.681 [Expansion Quests] Create new quest instance for quest with ID=110 | Player UID=gy_2_9QGetczRuJF-G5_jusM0qdITbSngdhMXbxDEkM=
21:47:53.682 [Expansion Quests] Check quest initialization for quest with ID=111 | State=STARTED | Player UID=gy_2_9QGetczRuJF-G5_jusM0qdITbSngdhMXbxDEkM=
21:47:53.682 [Expansion Quests] Create new quest instance for quest with ID=111 | Player UID=gy_2_9QGetczRuJF-G5_jusM0qdITbSngdhMXbxDEkM=
21:47:53.683 [Expansion Quests] Check quest initialization for quest with ID=112 | State=STARTED | Player UID=gy_2_9QGetczRuJF-G5_jusM0qdITbSngdhMXbxDEkM=
21:47:53.683 [Expansion Quests] Create new quest instance for quest with ID=112 | Player UID=gy_2_9QGetczRuJF-G5_jusM0qdITbSngdhMXbxDEkM=
21:47:53.683 [Expansion Quests] Check quest initialization for quest with ID=113 | State=STARTED | Player UID=gy_2_9QGetczRuJF-G5_jusM0qdITbSngdhMXbxDEkM=
21:47:53.684 [Expansion Quests] Create new quest instance for quest with ID=113 | Player UID=gy_2_9QGetczRuJF-G5_jusM0qdITbSngdhMXbxDEkM=
21:47:53.684 [Expansion Quests] Check quest initialization for quest with ID=114 | State=STARTED | Player UID=gy_2_9QGetczRuJF-G5_jusM0qdITbSngdhMXbxDEkM=
21:47:53.684 [Expansion Quests] Create new quest instance for quest with ID=114 | Player UID=gy_2_9QGetczRuJF-G5_jusM0qdITbSngdhMXbxDEkM=
21:47:53.685 [Expansion Quests] Check quest initialization for quest with ID=115 | State=STARTED | Player UID=gy_2_9QGetczRuJF-G5_jusM0qdITbSngdhMXbxDEkM=
21:47:53.685 [Expansion Quests] Create new quest instance for quest with ID=115 | Player UID=gy_2_9QGetczRuJF-G5_jusM0qdITbSngdhMXbxDEkM=
21:47:53.686 [Expansion Quests] Check quest initialization for quest with ID=116 | State=STARTED | Player UID=gy_2_9QGetczRuJF-G5_jusM0qdITbSngdhMXbxDEkM=
21:47:53.686 [Expansion Quests] Create new quest instance for quest with ID=116 | Player UID=gy_2_9QGetczRuJF-G5_jusM0qdITbSngdhMXbxDEkM=
21:47:53.687 [Expansion Quests] Check quest initialization for quest with ID=117 | State=STARTED | Player UID=gy_2_9QGetczRuJF-G5_jusM0qdITbSngdhMXbxDEkM=
21:47:53.687 [Expansion Quests] Create new quest instance for quest with ID=117 | Player UID=gy_2_9QGetczRuJF-G5_jusM0qdITbSngdhMXbxDEkM=
21:47:53.687 [Expansion Quests] Check quest initialization for quest with ID=118 | State=STARTED | Player UID=gy_2_9QGetczRuJF-G5_jusM0qdITbSngdhMXbxDEkM=
21:47:53.688 [Expansion Quests] Create new quest instance for quest with ID=118 | Player UID=gy_2_9QGetczRuJF-G5_jusM0qdITbSngdhMXbxDEkM=
21:47:53.688 [Expansion Quests] Check quest initialization for quest with ID=119 | State=STARTED | Player UID=gy_2_9QGetczRuJF-G5_jusM0qdITbSngdhMXbxDEkM=
21:47:53.689 [Expansion Quests] Create new quest instance for quest with ID=119 | Player UID=gy_2_9QGetczRuJF-G5_jusM0qdITbSngdhMXbxDEkM=
21:47:53.689 [Expansion Quests] Check quest initialization for quest with ID=120 | State=STARTED | Player UID=gy_2_9QGetczRuJF-G5_jusM0qdITbSngdhMXbxDEkM=
21:47:53.689 [Expansion Quests] Create new quest instance for quest with ID=120 | Player UID=gy_2_9QGetczRuJF-G5_jusM0qdITbSngdhMXbxDEkM=
21:47:53.690 [Expansion Quests] Check quest initialization for quest with ID=121 | State=STARTED | Player UID=gy_2_9QGetczRuJF-G5_jusM0qdITbSngdhMXbxDEkM=
21:47:53.690 [Expansion Quests] Create new quest instance for quest with ID=121 | Player UID=gy_2_9QGetczRuJF-G5_jusM0qdITbSngdhMXbxDEkM=
21:47:53.691 [Expansion Quests] Check quest initialization for quest with ID=122 | State=STARTED | Player UID=gy_2_9QGetczRuJF-G5_jusM0qdITbSngdhMXbxDEkM=
21:47:53.691 [Expansion Quests] Create new quest instance for quest with ID=122 | Player UID=gy_2_9QGetczRuJF-G5_jusM0qdITbSngdhMXbxDEkM=
21:47:53.691 [Expansion Quests] Check quest initialization for quest with ID=123 | State=STARTED | Player UID=gy_2_9QGetczRuJF-G5_jusM0qdITbSngdhMXbxDEkM=
21:47:53.692 [Expansion Quests] Create new quest instance for quest with ID=123 | Player UID=gy_2_9QGetczRuJF-G5_jusM0qdITbSngdhMXbxDEkM=
21:47:53.692 [Expansion Quests] Check quest initialization for quest with ID=124 | State=STARTED | Player UID=gy_2_9QGetczRuJF-G5_jusM0qdITbSngdhMXbxDEkM=
21:47:53.693 [Expansion Quests] Create new quest instance for quest with ID=124 | Player UID=gy_2_9QGetczRuJF-G5_jusM0qdITbSngdhMXbxDEkM=
21:47:53.697 [Expansion Quests] Sending gy_2_9QGetczRuJF-G5_jusM0qdITbSngdhMXbxDEkM= quest configs to client for player with UID=gy_2_9QGetczRuJF-G5_jusM0qdITbSngdhMXbxDEkM=
21:47:53.698 [Expansion Quests] Sending player quest data for 28 quests to player with UID=gy_2_9QGetczRuJF-G5_jusM0qdITbSngdhMXbxDEkM=
22:14:07.195 [Expansion Quests] Deleted quest with ID=8 is a of player with UID=gy_2_9QGetczRuJF-G5_jusM0qdITbSngdhMXbxDEkM=.
22:14:07.195 [Expansion Quests] Deleted quest with ID=9 is a of player with UID=gy_2_9QGetczRuJF-G5_jusM0qdITbSngdhMXbxDEkM=.
22:14:07.195 [Expansion Quests] Deleted quest with ID=11 is a of player with UID=gy_2_9QGetczRuJF-G5_jusM0qdITbSngdhMXbxDEkM=.
22:14:07.196 [Expansion Quests] Deleted quest with ID=100 is a of player with UID=gy_2_9QGetczRuJF-G5_jusM0qdITbSngdhMXbxDEkM=.
22:14:07.196 [Expansion Quests] Deleted quest with ID=101 is a of player with UID=gy_2_9QGetczRuJF-G5_jusM0qdITbSngdhMXbxDEkM=.
22:14:07.197 [Expansion Quests] Deleted quest with ID=103 is a of player with UID=gy_2_9QGetczRuJF-G5_jusM0qdITbSngdhMXbxDEkM=.
22:14:07.197 [Expansion Quests] Deleted quest with ID=104 is a of player with UID=gy_2_9QGetczRuJF-G5_jusM0qdITbSngdhMXbxDEkM=.
22:14:07.197 [Expansion Quests] Deleted quest with ID=105 is a of player with UID=gy_2_9QGetczRuJF-G5_jusM0qdITbSngdhMXbxDEkM=.
22:14:07.198 [Expansion Quests] Deleted quest with ID=106 is a of player with UID=gy_2_9QGetczRuJF-G5_jusM0qdITbSngdhMXbxDEkM=.
22:14:07.198 [Expansion Quests] Deleted quest with ID=107 is a of player with UID=gy_2_9QGetczRuJF-G5_jusM0qdITbSngdhMXbxDEkM=.
22:14:07.198 [Expansion Quests] Deleted quest with ID=108 is a of player with UID=gy_2_9QGetczRuJF-G5_jusM0qdITbSngdhMXbxDEkM=.
22:14:07.199 [Expansion Quests] Deleted quest with ID=109 is a of player with UID=gy_2_9QGetczRuJF-G5_jusM0qdITbSngdhMXbxDEkM=.
22:14:07.199 [Expansion Quests] Deleted quest with ID=110 is a of player with UID=gy_2_9QGetczRuJF-G5_jusM0qdITbSngdhMXbxDEkM=.
22:14:07.199 [Expansion Quests] Deleted quest with ID=111 is a of player with UID=gy_2_9QGetczRuJF-G5_jusM0qdITbSngdhMXbxDEkM=.
22:14:07.199 [Expansion Quests] Deleted quest with ID=112 is a of player with UID=gy_2_9QGetczRuJF-G5_jusM0qdITbSngdhMXbxDEkM=.
22:14:07.200 [Expansion Quests] Deleted quest with ID=113 is a of player with UID=gy_2_9QGetczRuJF-G5_jusM0qdITbSngdhMXbxDEkM=.
22:14:07.200 [Expansion Quests] Deleted quest with ID=114 is a of player with UID=gy_2_9QGetczRuJF-G5_jusM0qdITbSngdhMXbxDEkM=.
22:14:07.200 [Expansion Quests] Deleted quest with ID=115 is a of player with UID=gy_2_9QGetczRuJF-G5_jusM0qdITbSngdhMXbxDEkM=.
22:14:07.201 [Expansion Quests] Deleted quest with ID=116 is a of player with UID=gy_2_9QGetczRuJF-G5_jusM0qdITbSngdhMXbxDEkM=.
22:14:07.201 [Expansion Quests] Deleted quest with ID=117 is a of player with UID=gy_2_9QGetczRuJF-G5_jusM0qdITbSngdhMXbxDEkM=.
22:14:07.201 [Expansion Quests] Deleted quest with ID=118 is a of player with UID=gy_2_9QGetczRuJF-G5_jusM0qdITbSngdhMXbxDEkM=.
22:14:07.201 [Expansion Quests] Deleted quest with ID=119 is a of player with UID=gy_2_9QGetczRuJF-G5_jusM0qdITbSngdhMXbxDEkM=.
22:14:07.202 [Expansion Quests] Deleted quest with ID=120 is a of player with UID=gy_2_9QGetczRuJF-G5_jusM0qdITbSngdhMXbxDEkM=.
22:14:07.202 [Expansion Quests] Deleted quest with ID=121 is a of player with UID=gy_2_9QGetczRuJF-G5_jusM0qdITbSngdhMXbxDEkM=.
22:14:07.202 [Expansion Quests] Deleted quest with ID=122 is a of player with UID=gy_2_9QGetczRuJF-G5_jusM0qdITbSngdhMXbxDEkM=.
22:14:07.203 [Expansion Quests] Deleted quest with ID=123 is a of player with UID=gy_2_9QGetczRuJF-G5_jusM0qdITbSngdhMXbxDEkM=.
22:14:07.203 [Expansion Quests] Deleted quest with ID=124 is a of player with UID=gy_2_9QGetczRuJF-G5_jusM0qdITbSngdhMXbxDEkM=.
