11:56:48.048 [Expansion Quests] Initialize quest system on the connected client with UID=gy_2_9QGetczRuJF-G5_jusM0qdITbSngdhMXbxDEkM=
11:56:48.057 [Expansion Quests] Loaded existing player quest data for player with UID=gy_2_9QGetczRuJF-G5_jusM0qdITbSngdhMXbxDEkM=
11:56:48.058 [Expansion Quests] Check quest initialization for quest with ID=777 | State=CAN_TURNIN | Player UID=gy_2_9QGetczRuJF-G5_jusM0qdITbSngdhMXbxDEkM=
11:56:48.058 [Expansion Quests] Create new quest instance for quest with ID=777 | Player UID=gy_2_9QGetczRuJF-G5_jusM0qdITbSngdhMXbxDEkM=
11:56:48.175 [Expansion Quests] Check quest initialization for quest with ID=779 | State=NONE | Player UID=gy_2_9QGetczRuJF-G5_jusM0qdITbSngdhMXbxDEkM=
11:56:48.176 [Expansion Quests] Sending gy_2_9QGetczRuJF-G5_jusM0qdITbSngdhMXbxDEkM= quest configs to client for player with UID=gy_2_9QGetczRuJF-G5_jusM0qdITbSngdhMXbxDEkM=
11:56:48.177 [Expansion Quests] Sending player quest data for 2 quests to player with UID=gy_2_9QGetczRuJF-G5_jusM0qdITbSngdhMXbxDEkM=
11:56:48.178 [Expansion Quests] Added new objective data for type=AICAMP | Key=gy_2_9QGetczRuJF-G5_jusM0qdITbSngdhMXbxDEkM= | ID=777
11:56:48.179 [Expansion Quests] Added new objective data for type=AIESCORT | Key=gy_2_9QGetczRuJF-G5_jusM0qdITbSngdhMXbxDEkM= | ID=778
11:56:48.184 [Expansion Quests] Updated and saved persistent player quest data for player with UID=gy_2_9QGetczRuJF-G5_jusM0qdITbSngdhMXbxDEkM= | Quest ID=777
11:56:48.185 [AI Object Patrol 00002] Spawning 1 West bots at <2483.142090, 198.411377, 5059.448730>
11:56:48.204 [AI Object Patrol 00002] Global patrol count: 1
11:56:48.205 [AI Object Patrol 00002] Global Expansion AI count: 2 alive, 0 deceased
11:56:48.205 [AI Object Patrol 00002] MilitaryStatic category patrol count: 1
11:56:48.346 [AI Patrol 00019] Loaded 1 persistent Berezino South-East (Shamans) bots at <12927.424805, 14.346609, 10182.811523>
11:56:48.346 [AI Patrol 00019] Global patrol count: 2
11:56:48.346 [AI Patrol 00019] Global Expansion AI count: 3 alive, 0 deceased
11:56:48.346 [AI Patrol 00019] Survivor category patrol count: 1
11:56:48.554 [AI Patrol 00024] Loaded 1 persistent Elektrozavodsk West (Mercenaries) bots at <11664.999023, 192.912704, 4514.040527>
11:56:48.554 [AI Patrol 00024] Global patrol count: 3
11:56:48.554 [AI Patrol 00024] Global Expansion AI count: 4 alive, 0 deceased
11:56:48.554 [AI Patrol 00024] Survivor category patrol count: 2
11:56:48.761 [AI Patrol 00016] Loaded 1 persistent Berezino North (Lunatics) bots at <11978.615234, 55.579086, 8981.291992>
11:56:48.762 [AI Patrol 00016] Global patrol count: 4
11:56:48.762 [AI Patrol 00016] Global Expansion AI count: 5 alive, 0 deceased
11:56:48.763 [AI Patrol 00016] Survivor category patrol count: 3
11:56:48.865 [AI Patrol 00020] Loaded 1 persistent Nizhneye North-East (Lunatics) bots at <13291.932617, 4.752932, 6261.832520>
11:56:48.865 [AI Patrol 00020] Global patrol count: 5
11:56:48.865 [AI Patrol 00020] Global Expansion AI count: 6 alive, 0 deceased
11:56:48.866 [AI Patrol 00020] Survivor category patrol count: 4
11:56:48.954 [AI Patrol 00017] Loaded 1 persistent Solnechny North (Guards) bots at <12556.821289, 27.170813, 8385.866211>
11:56:48.954 [AI Patrol 00017] Global patrol count: 6
11:56:48.954 [AI Patrol 00017] Global Expansion AI count: 7 alive, 0 deceased
11:56:48.955 [AI Patrol 00017] Survivor category patrol count: 5
11:56:48.955 [AI Patrol 00015] Spawning 1 Berezino North-East (West) bots at <12948.619141, 13.877937, 10340.148438>
11:56:48.963 [AI Patrol 00015] Global patrol count: 7
11:56:48.964 [AI Patrol 00015] Global Expansion AI count: 8 alive, 0 deceased
11:56:48.964 [AI Patrol 00015] Survivor category patrol count: 6
11:56:49.125 [AI Patrol 00013] Loaded 1 persistent Svetloyarsk (Civilian) bots at <11604.445313, 109.084854, 15072.388672>
11:56:49.125 [AI Patrol 00013] Global patrol count: 8
11:56:49.125 [AI Patrol 00013] Global Expansion AI count: 9 alive, 0 deceased
11:56:49.125 [AI Patrol 00013] Survivor category patrol count: 7
11:56:49.325 [AI Patrol 00022] Loaded 1 persistent Kamyshovo (East) bots at <11321.382813, 73.492546, 6590.759766>
11:56:49.326 [AI Patrol 00022] Global patrol count: 9
11:56:49.326 [AI Patrol 00022] Global Expansion AI count: 10 alive, 0 deceased
11:56:49.326 [AI Patrol 00022] Survivor category patrol count: 8
11:56:49.431 [AI Patrol 00025] Loaded 1 persistent Chernogorsk East (Civilian) bots at <9262.181641, 256.928040, 4448.194824>
11:56:49.431 [AI Patrol 00025] Global patrol count: 10
11:56:49.432 [AI Patrol 00025] Global Expansion AI count: 11 alive, 0 deceased
11:56:49.432 [AI Patrol 00025] Survivor category patrol count: 9
11:56:49.609 [AI Patrol 00021] Loaded 1 persistent Solnechny South (West) bots at <12865.478516, 6.226776, 10102.156250>
11:56:49.609 [AI Patrol 00021] Global patrol count: 11
11:56:49.609 [AI Patrol 00021] Global Expansion AI count: 12 alive, 0 deceased
11:56:49.610 [AI Patrol 00021] Survivor category patrol count: 10
11:56:49.742 [AI Patrol 00014] Loaded 1 persistent Svetloyarsk South-East (West) bots at <13846.221680, 28.524506, 13217.845703>
11:56:49.743 [AI Patrol 00014] Global patrol count: 12
11:56:49.743 [AI Patrol 00014] Global Expansion AI count: 13 alive, 0 deceased
11:56:49.744 [AI Patrol 00014] Survivor category patrol count: 11
11:56:49.744 [AI Patrol 00018] Spawning 1 Berezhki (Guards) bots at <15162.078125, 8.258595, 13835.192383>
11:56:49.761 [AI Patrol 00018] Global patrol count: 13
11:56:49.761 [AI Patrol 00018] Global Expansion AI count: 14 alive, 0 deceased
11:56:49.761 [AI Patrol 00018] Survivor category patrol count: 12
11:56:49.903 [AI Patrol 00023] Loaded 1 persistent Elektrozavodsk North-East (Guards) bots at <6944.873047, 45.254959, 3567.562500>
11:56:49.904 [AI Patrol 00023] Global patrol count: 14
11:56:49.904 [AI Patrol 00023] Global Expansion AI count: 15 alive, 0 deceased
11:56:49.904 [AI Patrol 00023] Survivor category patrol count: 13
11:56:59.476 [Expansion Quests] Added new objective data for type=AICAMP | Key=gy_2_9QGetczRuJF-G5_jusM0qdITbSngdhMXbxDEkM= | ID=777
11:56:59.476 [Expansion Quests] Added new objective data for type=AIESCORT | Key=gy_2_9QGetczRuJF-G5_jusM0qdITbSngdhMXbxDEkM= | ID=778
11:56:59.477 [Expansion Quests] Updated and saved persistent player quest data for player with UID=gy_2_9QGetczRuJF-G5_jusM0qdITbSngdhMXbxDEkM= | Quest ID=777
12:00:49.757 [Expansion Quests] Deleted quest with ID=777 is a of player with UID=gy_2_9QGetczRuJF-G5_jusM0qdITbSngdhMXbxDEkM=.
