13:58:40.417 [Expansion Quests] Quest configuration with ID=133 is set to inactive. Skip adding config to quest system..
13:58:40.537 [Expansion Quests] Quest configuration with ID=800 is set to inactive. Skip adding config to quest system..
13:59:17.257 [Expansion Quests] Initialize quest system on the connected client with UID=gy_2_9QGetczRuJF-G5_jusM0qdITbSngdhMXbxDEkM=
13:59:17.271 [Expansion Quests] Loaded existing player quest data for player with UID=gy_2_9QGetczRuJF-G5_jusM0qdITbSngdhMXbxDEkM=
13:59:17.271 [Expansion Quests] Check quest initialization for quest with ID=8 | State=STARTED | Player UID=gy_2_9QGetczRuJF-G5_jusM0qdITbSngdhMXbxDEkM=
13:59:17.272 [Expansion Quests] Create new quest instance for quest with ID=8 | Player UID=gy_2_9QGetczRuJF-G5_jusM0qdITbSngdhMXbxDEkM=
13:59:17.272 [Expansion Quests] Check quest initialization for quest with ID=9 | State=STARTED | Player UID=gy_2_9QGetczRuJF-G5_jusM0qdITbSngdhMXbxDEkM=
13:59:17.273 [Expansion Quests] Create new quest instance for quest with ID=9 | Player UID=gy_2_9QGetczRuJF-G5_jusM0qdITbSngdhMXbxDEkM=
13:59:17.273 [Expansion Quests] Check quest initialization for quest with ID=11 | State=STARTED | Player UID=gy_2_9QGetczRuJF-G5_jusM0qdITbSngdhMXbxDEkM=
13:59:17.273 [Expansion Quests] Create new quest instance for quest with ID=11 | Player UID=gy_2_9QGetczRuJF-G5_jusM0qdITbSngdhMXbxDEkM=
13:59:17.274 [Expansion Quests] Check quest initialization for quest with ID=14 | State=COMPLETED | Player UID=gy_2_9QGetczRuJF-G5_jusM0qdITbSngdhMXbxDEkM=
13:59:17.274 [Expansion Quests] Check quest initialization for quest with ID=100 | State=STARTED | Player UID=gy_2_9QGetczRuJF-G5_jusM0qdITbSngdhMXbxDEkM=
13:59:17.274 [Expansion Quests] Create new quest instance for quest with ID=100 | Player UID=gy_2_9QGetczRuJF-G5_jusM0qdITbSngdhMXbxDEkM=
13:59:17.275 [Expansion Quests] Check quest initialization for quest with ID=101 | State=STARTED | Player UID=gy_2_9QGetczRuJF-G5_jusM0qdITbSngdhMXbxDEkM=
13:59:17.275 [Expansion Quests] Create new quest instance for quest with ID=101 | Player UID=gy_2_9QGetczRuJF-G5_jusM0qdITbSngdhMXbxDEkM=
13:59:17.276 [Expansion Quests] Check quest initialization for quest with ID=103 | State=STARTED | Player UID=gy_2_9QGetczRuJF-G5_jusM0qdITbSngdhMXbxDEkM=
13:59:17.276 [Expansion Quests] Create new quest instance for quest with ID=103 | Player UID=gy_2_9QGetczRuJF-G5_jusM0qdITbSngdhMXbxDEkM=
13:59:17.276 [Expansion Quests] Check quest initialization for quest with ID=104 | State=STARTED | Player UID=gy_2_9QGetczRuJF-G5_jusM0qdITbSngdhMXbxDEkM=
13:59:17.277 [Expansion Quests] Create new quest instance for quest with ID=104 | Player UID=gy_2_9QGetczRuJF-G5_jusM0qdITbSngdhMXbxDEkM=
13:59:17.277 [Expansion Quests] Check quest initialization for quest with ID=105 | State=STARTED | Player UID=gy_2_9QGetczRuJF-G5_jusM0qdITbSngdhMXbxDEkM=
13:59:17.277 [Expansion Quests] Create new quest instance for quest with ID=105 | Player UID=gy_2_9QGetczRuJF-G5_jusM0qdITbSngdhMXbxDEkM=
13:59:17.278 [Expansion Quests] Check quest initialization for quest with ID=106 | State=STARTED | Player UID=gy_2_9QGetczRuJF-G5_jusM0qdITbSngdhMXbxDEkM=
13:59:17.278 [Expansion Quests] Create new quest instance for quest with ID=106 | Player UID=gy_2_9QGetczRuJF-G5_jusM0qdITbSngdhMXbxDEkM=
13:59:17.278 [Expansion Quests] Check quest initialization for quest with ID=107 | State=STARTED | Player UID=gy_2_9QGetczRuJF-G5_jusM0qdITbSngdhMXbxDEkM=
13:59:17.279 [Expansion Quests] Create new quest instance for quest with ID=107 | Player UID=gy_2_9QGetczRuJF-G5_jusM0qdITbSngdhMXbxDEkM=
13:59:17.279 [Expansion Quests] Check quest initialization for quest with ID=108 | State=STARTED | Player UID=gy_2_9QGetczRuJF-G5_jusM0qdITbSngdhMXbxDEkM=
13:59:17.279 [Expansion Quests] Create new quest instance for quest with ID=108 | Player UID=gy_2_9QGetczRuJF-G5_jusM0qdITbSngdhMXbxDEkM=
13:59:17.280 [Expansion Quests] Check quest initialization for quest with ID=109 | State=STARTED | Player UID=gy_2_9QGetczRuJF-G5_jusM0qdITbSngdhMXbxDEkM=
13:59:17.280 [Expansion Quests] Create new quest instance for quest with ID=109 | Player UID=gy_2_9QGetczRuJF-G5_jusM0qdITbSngdhMXbxDEkM=
13:59:17.281 [Expansion Quests] Check quest initialization for quest with ID=110 | State=STARTED | Player UID=gy_2_9QGetczRuJF-G5_jusM0qdITbSngdhMXbxDEkM=
13:59:17.281 [Expansion Quests] Create new quest instance for quest with ID=110 | Player UID=gy_2_9QGetczRuJF-G5_jusM0qdITbSngdhMXbxDEkM=
13:59:17.281 [Expansion Quests] Check quest initialization for quest with ID=111 | State=STARTED | Player UID=gy_2_9QGetczRuJF-G5_jusM0qdITbSngdhMXbxDEkM=
13:59:17.281 [Expansion Quests] Create new quest instance for quest with ID=111 | Player UID=gy_2_9QGetczRuJF-G5_jusM0qdITbSngdhMXbxDEkM=
13:59:17.282 [Expansion Quests] Check quest initialization for quest with ID=112 | State=STARTED | Player UID=gy_2_9QGetczRuJF-G5_jusM0qdITbSngdhMXbxDEkM=
13:59:17.282 [Expansion Quests] Create new quest instance for quest with ID=112 | Player UID=gy_2_9QGetczRuJF-G5_jusM0qdITbSngdhMXbxDEkM=
13:59:17.282 [Expansion Quests] Check quest initialization for quest with ID=113 | State=STARTED | Player UID=gy_2_9QGetczRuJF-G5_jusM0qdITbSngdhMXbxDEkM=
13:59:17.283 [Expansion Quests] Create new quest instance for quest with ID=113 | Player UID=gy_2_9QGetczRuJF-G5_jusM0qdITbSngdhMXbxDEkM=
13:59:17.283 [Expansion Quests] Check quest initialization for quest with ID=114 | State=STARTED | Player UID=gy_2_9QGetczRuJF-G5_jusM0qdITbSngdhMXbxDEkM=
13:59:17.283 [Expansion Quests] Create new quest instance for quest with ID=114 | Player UID=gy_2_9QGetczRuJF-G5_jusM0qdITbSngdhMXbxDEkM=
13:59:17.283 [Expansion Quests] Check quest initialization for quest with ID=115 | State=STARTED | Player UID=gy_2_9QGetczRuJF-G5_jusM0qdITbSngdhMXbxDEkM=
13:59:17.284 [Expansion Quests] Create new quest instance for quest with ID=115 | Player UID=gy_2_9QGetczRuJF-G5_jusM0qdITbSngdhMXbxDEkM=
13:59:17.284 [Expansion Quests] Check quest initialization for quest with ID=116 | State=STARTED | Player UID=gy_2_9QGetczRuJF-G5_jusM0qdITbSngdhMXbxDEkM=
13:59:17.284 [Expansion Quests] Create new quest instance for quest with ID=116 | Player UID=gy_2_9QGetczRuJF-G5_jusM0qdITbSngdhMXbxDEkM=
13:59:17.285 [Expansion Quests] Check quest initialization for quest with ID=117 | State=STARTED | Player UID=gy_2_9QGetczRuJF-G5_jusM0qdITbSngdhMXbxDEkM=
13:59:17.285 [Expansion Quests] Create new quest instance for quest with ID=117 | Player UID=gy_2_9QGetczRuJF-G5_jusM0qdITbSngdhMXbxDEkM=
13:59:17.285 [Expansion Quests] Check quest initialization for quest with ID=118 | State=STARTED | Player UID=gy_2_9QGetczRuJF-G5_jusM0qdITbSngdhMXbxDEkM=
13:59:17.285 [Expansion Quests] Create new quest instance for quest with ID=118 | Player UID=gy_2_9QGetczRuJF-G5_jusM0qdITbSngdhMXbxDEkM=
13:59:17.286 [Expansion Quests] Check quest initialization for quest with ID=119 | State=STARTED | Player UID=gy_2_9QGetczRuJF-G5_jusM0qdITbSngdhMXbxDEkM=
13:59:17.286 [Expansion Quests] Create new quest instance for quest with ID=119 | Player UID=gy_2_9QGetczRuJF-G5_jusM0qdITbSngdhMXbxDEkM=
13:59:17.286 [Expansion Quests] Check quest initialization for quest with ID=120 | State=STARTED | Player UID=gy_2_9QGetczRuJF-G5_jusM0qdITbSngdhMXbxDEkM=
13:59:17.287 [Expansion Quests] Create new quest instance for quest with ID=120 | Player UID=gy_2_9QGetczRuJF-G5_jusM0qdITbSngdhMXbxDEkM=
13:59:17.287 [Expansion Quests] Check quest initialization for quest with ID=121 | State=STARTED | Player UID=gy_2_9QGetczRuJF-G5_jusM0qdITbSngdhMXbxDEkM=
13:59:17.287 [Expansion Quests] Create new quest instance for quest with ID=121 | Player UID=gy_2_9QGetczRuJF-G5_jusM0qdITbSngdhMXbxDEkM=
13:59:17.288 [Expansion Quests] Check quest initialization for quest with ID=122 | State=STARTED | Player UID=gy_2_9QGetczRuJF-G5_jusM0qdITbSngdhMXbxDEkM=
13:59:17.288 [Expansion Quests] Create new quest instance for quest with ID=122 | Player UID=gy_2_9QGetczRuJF-G5_jusM0qdITbSngdhMXbxDEkM=
13:59:17.288 [Expansion Quests] Check quest initialization for quest with ID=123 | State=STARTED | Player UID=gy_2_9QGetczRuJF-G5_jusM0qdITbSngdhMXbxDEkM=
13:59:17.289 [Expansion Quests] Create new quest instance for quest with ID=123 | Player UID=gy_2_9QGetczRuJF-G5_jusM0qdITbSngdhMXbxDEkM=
13:59:17.290 [Expansion Quests] Check quest initialization for quest with ID=124 | State=STARTED | Player UID=gy_2_9QGetczRuJF-G5_jusM0qdITbSngdhMXbxDEkM=
13:59:17.291 [Expansion Quests] Create new quest instance for quest with ID=124 | Player UID=gy_2_9QGetczRuJF-G5_jusM0qdITbSngdhMXbxDEkM=
13:59:17.296 [Expansion Quests] Sending gy_2_9QGetczRuJF-G5_jusM0qdITbSngdhMXbxDEkM= quest configs to client for player with UID=gy_2_9QGetczRuJF-G5_jusM0qdITbSngdhMXbxDEkM=
13:59:17.298 [Expansion Quests] Sending player quest data for 28 quests to player with UID=gy_2_9QGetczRuJF-G5_jusM0qdITbSngdhMXbxDEkM=
13:59:38.317 [Expansion Quests] Deleted quest with ID=8 is a of player with UID=gy_2_9QGetczRuJF-G5_jusM0qdITbSngdhMXbxDEkM=.
13:59:38.318 [Expansion Quests] Deleted quest with ID=9 is a of player with UID=gy_2_9QGetczRuJF-G5_jusM0qdITbSngdhMXbxDEkM=.
13:59:38.318 [Expansion Quests] Deleted quest with ID=11 is a of player with UID=gy_2_9QGetczRuJF-G5_jusM0qdITbSngdhMXbxDEkM=.
13:59:38.319 [Expansion Quests] Deleted quest with ID=100 is a of player with UID=gy_2_9QGetczRuJF-G5_jusM0qdITbSngdhMXbxDEkM=.
13:59:38.319 [Expansion Quests] Deleted quest with ID=101 is a of player with UID=gy_2_9QGetczRuJF-G5_jusM0qdITbSngdhMXbxDEkM=.
13:59:38.319 [Expansion Quests] Deleted quest with ID=103 is a of player with UID=gy_2_9QGetczRuJF-G5_jusM0qdITbSngdhMXbxDEkM=.
13:59:38.319 [Expansion Quests] Deleted quest with ID=104 is a of player with UID=gy_2_9QGetczRuJF-G5_jusM0qdITbSngdhMXbxDEkM=.
13:59:38.320 [Expansion Quests] Deleted quest with ID=105 is a of player with UID=gy_2_9QGetczRuJF-G5_jusM0qdITbSngdhMXbxDEkM=.
13:59:38.320 [Expansion Quests] Deleted quest with ID=106 is a of player with UID=gy_2_9QGetczRuJF-G5_jusM0qdITbSngdhMXbxDEkM=.
13:59:38.321 [Expansion Quests] Deleted quest with ID=107 is a of player with UID=gy_2_9QGetczRuJF-G5_jusM0qdITbSngdhMXbxDEkM=.
13:59:38.321 [Expansion Quests] Deleted quest with ID=108 is a of player with UID=gy_2_9QGetczRuJF-G5_jusM0qdITbSngdhMXbxDEkM=.
13:59:38.321 [Expansion Quests] Deleted quest with ID=109 is a of player with UID=gy_2_9QGetczRuJF-G5_jusM0qdITbSngdhMXbxDEkM=.
13:59:38.321 [Expansion Quests] Deleted quest with ID=110 is a of player with UID=gy_2_9QGetczRuJF-G5_jusM0qdITbSngdhMXbxDEkM=.
13:59:38.322 [Expansion Quests] Deleted quest with ID=111 is a of player with UID=gy_2_9QGetczRuJF-G5_jusM0qdITbSngdhMXbxDEkM=.
13:59:38.322 [Expansion Quests] Deleted quest with ID=112 is a of player with UID=gy_2_9QGetczRuJF-G5_jusM0qdITbSngdhMXbxDEkM=.
13:59:38.322 [Expansion Quests] Deleted quest with ID=113 is a of player with UID=gy_2_9QGetczRuJF-G5_jusM0qdITbSngdhMXbxDEkM=.
13:59:38.323 [Expansion Quests] Deleted quest with ID=114 is a of player with UID=gy_2_9QGetczRuJF-G5_jusM0qdITbSngdhMXbxDEkM=.
13:59:38.323 [Expansion Quests] Deleted quest with ID=115 is a of player with UID=gy_2_9QGetczRuJF-G5_jusM0qdITbSngdhMXbxDEkM=.
13:59:38.323 [Expansion Quests] Deleted quest with ID=116 is a of player with UID=gy_2_9QGetczRuJF-G5_jusM0qdITbSngdhMXbxDEkM=.
13:59:38.324 [Expansion Quests] Deleted quest with ID=117 is a of player with UID=gy_2_9QGetczRuJF-G5_jusM0qdITbSngdhMXbxDEkM=.
13:59:38.324 [Expansion Quests] Deleted quest with ID=118 is a of player with UID=gy_2_9QGetczRuJF-G5_jusM0qdITbSngdhMXbxDEkM=.
13:59:38.324 [Expansion Quests] Deleted quest with ID=119 is a of player with UID=gy_2_9QGetczRuJF-G5_jusM0qdITbSngdhMXbxDEkM=.
13:59:38.324 [Expansion Quests] Deleted quest with ID=120 is a of player with UID=gy_2_9QGetczRuJF-G5_jusM0qdITbSngdhMXbxDEkM=.
13:59:38.325 [Expansion Quests] Deleted quest with ID=121 is a of player with UID=gy_2_9QGetczRuJF-G5_jusM0qdITbSngdhMXbxDEkM=.
13:59:38.325 [Expansion Quests] Deleted quest with ID=122 is a of player with UID=gy_2_9QGetczRuJF-G5_jusM0qdITbSngdhMXbxDEkM=.
13:59:38.325 [Expansion Quests] Deleted quest with ID=123 is a of player with UID=gy_2_9QGetczRuJF-G5_jusM0qdITbSngdhMXbxDEkM=.
13:59:38.326 [Expansion Quests] Deleted quest with ID=124 is a of player with UID=gy_2_9QGetczRuJF-G5_jusM0qdITbSngdhMXbxDEkM=.
