21:40:09.539 [Expansion Quests] Initialize quest system on the connected client with UID=gy_2_9QGetczRuJF-G5_jusM0qdITbSngdhMXbxDEkM=
21:40:09.543 [Expansion Quests] Loaded existing player quest data for player with UID=gy_2_9QGetczRuJF-G5_jusM0qdITbSngdhMXbxDEkM=
21:40:09.543 [Expansion Quests] Check quest initialization for quest with ID=800 | State=NONE | Player UID=gy_2_9QGetczRuJF-G5_jusM0qdITbSngdhMXbxDEkM=
21:40:09.544 [Expansion Quests] Check quest initialization for quest with ID=801 | State=CAN_TURNIN | Player UID=gy_2_9QGetczRuJF-G5_jusM0qdITbSngdhMXbxDEkM=
21:40:09.545 [Expansion Quests] Create new quest instance for quest with ID=801 | Player UID=gy_2_9QGetczRuJF-G5_jusM0qdITbSngdhMXbxDEkM=
21:40:09.546 [Expansion Quests] Sending gy_2_9QGetczRuJF-G5_jusM0qdITbSngdhMXbxDEkM= quest configs to client for player with UID=gy_2_9QGetczRuJF-G5_jusM0qdITbSngdhMXbxDEkM=
21:40:09.546 [Expansion Quests] Sending player quest data for 2 quests to player with UID=gy_2_9QGetczRuJF-G5_jusM0qdITbSngdhMXbxDEkM=
21:40:09.683 [AI Patrol 00022] Loaded 1 persistent Kamyshovo (Infected) bots at <11532.989258, -0.664339, 3008.799072>
21:40:09.684 [AI Patrol 00022] Global patrol count: 1
21:40:09.684 [AI Patrol 00022] Global Expansion AI count: 1 alive, 0 deceased
21:40:09.685 [AI Patrol 00022] Survivor category patrol count: 1
21:40:09.709 [AI Patrol 00021] Loaded 1 persistent Solnechny South (Lunatics) bots at <13375.754883, 6.024948, 6101.263184>
21:40:09.709 [AI Patrol 00021] Global patrol count: 2
21:40:09.709 [AI Patrol 00021] Global Expansion AI count: 2 alive, 0 deceased
21:40:09.710 [AI Patrol 00021] Survivor category patrol count: 2
21:40:09.738 [AI Patrol 00020] Loaded 1 persistent Solnechny (Civilian) bots at <12707.526367, 119.441818, 6503.759766>
21:40:09.738 [AI Patrol 00020] Global patrol count: 3
21:40:09.739 [AI Patrol 00020] Global Expansion AI count: 3 alive, 0 deceased
21:40:09.739 [AI Patrol 00020] Survivor category patrol count: 3
21:40:09.768 [AI Patrol 00014] Loaded 1 persistent Svetloyarsk (Infected) bots at <13603.754883, 12.648547, 13961.254883>
21:40:09.769 [AI Patrol 00014] Global patrol count: 4
21:40:09.769 [AI Patrol 00014] Global Expansion AI count: 4 alive, 0 deceased
21:40:09.769 [AI Patrol 00014] Survivor category patrol count: 4
21:40:09.790 [AI Patrol 00015] Loaded 1 persistent Svetloyarsk South-East (West) bots at <13086.744141, 48.024887, 14927.739258>
21:40:09.790 [AI Patrol 00015] Global patrol count: 5
21:40:09.791 [AI Patrol 00015] Global Expansion AI count: 5 alive, 0 deceased
21:40:09.791 [AI Patrol 00015] Survivor category patrol count: 5
21:40:09.805 [AI Patrol 00025] Loaded 1 persistent Chernogorsk East (Infected) bots at <8105.871094, 172.966354, 4880.341797>
21:40:09.805 [AI Patrol 00025] Global patrol count: 6
21:40:09.806 [AI Patrol 00025] Global Expansion AI count: 6 alive, 0 deceased
21:40:09.806 [AI Patrol 00025] Survivor category patrol count: 6
21:40:09.826 [AI Patrol 00023] Loaded 1 persistent Elektrozavodsk North-West (East) bots at <7596.833496, 9.482062, 3133.505859>
21:40:09.826 [AI Patrol 00023] Global patrol count: 7
21:40:09.826 [AI Patrol 00023] Global Expansion AI count: 7 alive, 0 deceased
21:40:09.827 [AI Patrol 00023] Survivor category patrol count: 7
21:40:09.854 [AI Patrol 00018] Loaded 1 persistent Berezino South-East (East) bots at <12779.403320, 8.148258, 10122.851563>
21:40:09.854 [AI Patrol 00018] Global patrol count: 8
21:40:09.855 [AI Patrol 00018] Global Expansion AI count: 8 alive, 0 deceased
21:40:09.855 [AI Patrol 00018] Survivor category patrol count: 8
21:40:09.875 [AI Patrol 00019] Loaded 1 persistent Nizhneye North-East (Mercenaries) bots at <12932.653320, 22.524557, 8022.831055>
21:40:09.875 [AI Patrol 00019] Global patrol count: 9
21:40:09.876 [AI Patrol 00019] Global Expansion AI count: 9 alive, 0 deceased
21:40:09.876 [AI Patrol 00019] Survivor category patrol count: 9
21:40:09.895 [AI Patrol 00024] Loaded 1 persistent Elektrozavodsk West (Lunatics) bots at <8537.331055, 18.996517, 3116.744385>
21:40:09.895 [AI Patrol 00024] Global patrol count: 10
21:40:09.895 [AI Patrol 00024] Global Expansion AI count: 10 alive, 0 deceased
21:40:09.896 [AI Patrol 00024] Survivor category patrol count: 10
21:40:09.921 [AI Patrol 00016] Loaded 1 persistent Solnechny North (Raiders) bots at <11958.539063, 54.026775, 9085.099609>
21:40:09.921 [AI Patrol 00016] Global patrol count: 11
21:40:09.921 [AI Patrol 00016] Global Expansion AI count: 11 alive, 0 deceased
21:40:09.922 [AI Patrol 00016] Survivor category patrol count: 11
21:40:09.922 [AI Patrol 00017] Spawning 1 Berezhki (Infected) bots at <15162.078125, 8.258595, 13835.192383>
21:40:09.938 [AI Patrol 00017] Global patrol count: 12
21:40:09.938 [AI Patrol 00017] Global Expansion AI count: 12 alive, 0 deceased
21:40:09.938 [AI Patrol 00017] Survivor category patrol count: 12
21:40:09.964 [AI Patrol 00026] Loaded 1 persistent Chernogorsk (Infected) bots at <6509.954102, 61.800476, 3617.427979>
21:40:09.964 [AI Patrol 00026] Global patrol count: 13
21:40:09.964 [AI Patrol 00026] Global Expansion AI count: 13 alive, 0 deceased
21:40:09.964 [AI Patrol 00026] Survivor category patrol count: 13
21:41:45.353 [Expansion Quests] Added new objective data for type=AICAMP | Key=gy_2_9QGetczRuJF-G5_jusM0qdITbSngdhMXbxDEkM= | ID=802
21:41:45.354 [Expansion Quests] Added new objective data for type=AIESCORT | Key=gy_2_9QGetczRuJF-G5_jusM0qdITbSngdhMXbxDEkM= | ID=802
21:41:45.356 [Expansion Quests] Updated and saved persistent player quest data for player with UID=gy_2_9QGetczRuJF-G5_jusM0qdITbSngdhMXbxDEkM= | Quest ID=802
21:41:45.356 [Expansion Quests] Created new quest instance with instance key=gy_2_9QGetczRuJF-G5_jusM0qdITbSngdhMXbxDEkM= for quest with ID=802
21:42:59.025 [AI Patrol 00029] Spawning 1 Guarda do Cartel (Civilian) bots at <3709.650146, 402.000000, 5988.055664>
21:42:59.044 [AI Patrol 00029] Global patrol count: 14
21:42:59.044 [AI Patrol 00029] Global Expansion AI count: 14 alive, 0 deceased
21:42:59.045 [AI Patrol 00029] Quest category patrol count: 1
22:00:09.115 [Expansion Quests] Added new objective data for type=AICAMP | Key=gy_2_9QGetczRuJF-G5_jusM0qdITbSngdhMXbxDEkM= | ID=802
22:00:09.116 [Expansion Quests] Added new objective data for type=AIESCORT | Key=gy_2_9QGetczRuJF-G5_jusM0qdITbSngdhMXbxDEkM= | ID=802
22:00:09.117 [Expansion Quests] Updated and saved persistent player quest data for player with UID=gy_2_9QGetczRuJF-G5_jusM0qdITbSngdhMXbxDEkM= | Quest ID=802
22:00:09.123 [Expansion Quests] Added new objective data for type=AICAMP | Key=gy_2_9QGetczRuJF-G5_jusM0qdITbSngdhMXbxDEkM= | ID=802
22:00:09.124 [Expansion Quests] Added new objective data for type=AIESCORT | Key=gy_2_9QGetczRuJF-G5_jusM0qdITbSngdhMXbxDEkM= | ID=802
22:00:09.129 [Expansion Quests] Updated and saved persistent player quest data for player with UID=gy_2_9QGetczRuJF-G5_jusM0qdITbSngdhMXbxDEkM= | Quest ID=802
22:00:19.096 [Expansion Quests] Added new objective data for type=AICAMP | Key=gy_2_9QGetczRuJF-G5_jusM0qdITbSngdhMXbxDEkM= | ID=802
22:00:19.097 [Expansion Quests] Added new objective data for type=AIESCORT | Key=gy_2_9QGetczRuJF-G5_jusM0qdITbSngdhMXbxDEkM= | ID=802
22:00:19.098 [Expansion Quests] Updated and saved persistent player quest data for player with UID=gy_2_9QGetczRuJF-G5_jusM0qdITbSngdhMXbxDEkM= | Quest ID=802
22:00:47.725 [Expansion Quests] Added new objective data for type=TREASUREHUNT | Key=gy_2_9QGetczRuJF-G5_jusM0qdITbSngdhMXbxDEkM= | ID=801
22:00:47.726 [Expansion Quests] Updated and saved persistent player quest data for player with UID=gy_2_9QGetczRuJF-G5_jusM0qdITbSngdhMXbxDEkM= | Quest ID=801
22:00:47.727 [Expansion Quests] Player with UID=gy_2_9QGetczRuJF-G5_jusM0qdITbSngdhMXbxDEkM= has completed quest with ID=801
22:00:58.390 [Expansion Quests] Added new objective data for type=AICAMP | Key=gy_2_9QGetczRuJF-G5_jusM0qdITbSngdhMXbxDEkM= | ID=802
22:00:58.391 [Expansion Quests] Added new objective data for type=AIESCORT | Key=gy_2_9QGetczRuJF-G5_jusM0qdITbSngdhMXbxDEkM= | ID=802
22:00:58.399 [Expansion Quests] Updated and saved persistent player quest data for player with UID=gy_2_9QGetczRuJF-G5_jusM0qdITbSngdhMXbxDEkM= | Quest ID=802
22:00:58.401 [Expansion Quests] Player with UID=gy_2_9QGetczRuJF-G5_jusM0qdITbSngdhMXbxDEkM= has completed quest with ID=802
