21:02:22.849 [Expansion Quests] Initialize quest system on the connected client with UID=gy_2_9QGetczRuJF-G5_jusM0qdITbSngdhMXbxDEkM=
21:02:22.850 [Expansion Quests] Created new persistent player quest data for player UID=gy_2_9QGetczRuJF-G5_jusM0qdITbSngdhMXbxDEkM=
21:02:22.851 [Expansion Quests] Sending gy_2_9QGetczRuJF-G5_jusM0qdITbSngdhMXbxDEkM= quest configs to client for player with UID=gy_2_9QGetczRuJF-G5_jusM0qdITbSngdhMXbxDEkM=
21:02:22.852 [Expansion Quests] Sending player quest data for 0 quests to player with UID=gy_2_9QGetczRuJF-G5_jusM0qdITbSngdhMXbxDEkM=
21:02:22.866 [AI Patrol 00026] Spawning 1 Elektrozavodsk West (Lunatics) bots at <9363.653320, 6.000000, 2017.953613>
21:02:23.013 [AI Patrol 00026] Global patrol count: 1
21:02:23.014 [AI Patrol 00026] Global Expansion AI count: 1 alive, 0 deceased
21:02:23.014 [AI Patrol 00026] Survivor category patrol count: 1
21:02:23.014 [AI Patrol 00015] Spawning 1 Svetloyarsk (Infected) bots at <13968.963867, 3.290000, 13515.464844>
21:02:23.036 [AI Patrol 00015] Global patrol count: 2
21:02:23.037 [AI Patrol 00015] Global Expansion AI count: 2 alive, 0 deceased
21:02:23.037 [AI Patrol 00015] Survivor category patrol count: 2
21:02:23.037 [AI Patrol 00025] Spawning 1 Elektrozavodsk North-West (East) bots at <9821.274414, 24.832726, 2194.003662>
21:02:23.060 [AI Patrol 00025] Global patrol count: 3
21:02:23.060 [AI Patrol 00025] Global Expansion AI count: 3 alive, 0 deceased
21:02:23.060 [AI Patrol 00025] Survivor category patrol count: 3
21:02:23.061 [AI Patrol 00022] Spawning 1 Solnechny South (Lunatics) bots at <13425.271484, 5.409149, 5776.353027>
21:02:23.083 [AI Patrol 00022] Global patrol count: 4
21:02:23.084 [AI Patrol 00022] Global Expansion AI count: 4 alive, 0 deceased
21:02:23.084 [AI Patrol 00022] Survivor category patrol count: 4
21:02:23.085 [AI Patrol 00021] Spawning 1 Solnechny (Civilian) bots at <13461.267578, 4.204414, 6486.883301>
21:02:23.106 [AI Patrol 00021] Global patrol count: 5
21:02:23.106 [AI Patrol 00021] Global Expansion AI count: 5 alive, 0 deceased
21:02:23.106 [AI Patrol 00021] Survivor category patrol count: 5
21:02:23.107 [AI Patrol 00016] Spawning 1 Svetloyarsk South-East (West) bots at <14287.552734, 8.561079, 13336.372070>
21:02:23.124 [AI Patrol 00016] Global patrol count: 6
21:02:23.124 [AI Patrol 00016] Global Expansion AI count: 6 alive, 0 deceased
21:02:23.125 [AI Patrol 00016] Survivor category patrol count: 6
21:02:23.125 [AI Patrol 00017] Spawning 1 Berezino North (West) bots at <12592.173828, 37.214073, 10401.323242>
21:02:23.146 [AI Patrol 00017] Global patrol count: 7
21:02:23.147 [AI Patrol 00017] Global Expansion AI count: 7 alive, 0 deceased
21:02:23.147 [AI Patrol 00017] Survivor category patrol count: 7
21:02:23.148 [AI Patrol 00018] Spawning 1 Solnechny North (Raiders) bots at <13185.860352, 4.186769, 7229.544922>
21:02:23.170 [AI Patrol 00018] Global patrol count: 8
21:02:23.170 [AI Patrol 00018] Global Expansion AI count: 8 alive, 0 deceased
21:02:23.170 [AI Patrol 00018] Survivor category patrol count: 8
21:02:23.171 [AI Patrol 00023] Spawning 1 Kamyshovo (Infected) bots at <12222.977539, 3.644392, 3454.867188>
21:02:23.195 [AI Patrol 00023] Global patrol count: 9
21:02:23.195 [AI Patrol 00023] Global Expansion AI count: 9 alive, 0 deceased
21:02:23.195 [AI Patrol 00023] Survivor category patrol count: 9
21:02:23.196 [AI Patrol 00020] Spawning 1 Nizhneye North-East (Mercenaries) bots at <13043.561523, 5.785259, 7886.443359>
21:02:23.211 [AI Patrol 00020] Global patrol count: 10
21:02:23.211 [AI Patrol 00020] Global Expansion AI count: 10 alive, 0 deceased
21:02:23.212 [AI Patrol 00020] Survivor category patrol count: 10
21:02:23.212 [AI Patrol 00019] Spawning 1 Berezino South-East (East) bots at <13005.946289, 5.827181, 9568.704102>
21:02:23.233 [AI Patrol 00019] Global patrol count: 11
21:02:23.234 [AI Patrol 00019] Global Expansion AI count: 11 alive, 0 deceased
21:02:23.234 [AI Patrol 00019] Survivor category patrol count: 11
21:02:38.644 [AI Patrol 00024] Spawning 1 Elektrozavodsk North-East (Guards) bots at <10772.804688, 5.825436, 2277.397705>
21:02:38.675 [AI Patrol 00024] Global patrol count: 12
21:02:38.675 [AI Patrol 00024] Global Expansion AI count: 12 alive, 0 deceased
21:02:38.676 [AI Patrol 00024] Survivor category patrol count: 12
21:03:26.362 [Expansion Quests] Added new objective data for type=TREASUREHUNT | Key= | ID=801
21:03:26.364 [Expansion Quests] Updated and saved persistent player quest data for player with UID=gy_2_9QGetczRuJF-G5_jusM0qdITbSngdhMXbxDEkM= | Quest ID=801
21:03:26.365 [Expansion Quests] Created new quest instance with instance key=gy_2_9QGetczRuJF-G5_jusM0qdITbSngdhMXbxDEkM= for quest with ID=801
21:05:04.798 [AI Object Patrol 00031] Spawning 1 West bots at <2658.663086, 28.430872, 1309.098022>
21:05:04.819 [AI Object Patrol 00031] Global patrol count: 13
21:05:04.820 [AI Object Patrol 00031] Global Expansion AI count: 13 alive, 0 deceased
21:05:04.820 [AI Object Patrol 00031] MilitaryStatic category patrol count: 1
21:07:34.777 [Expansion Quests] Deleted quest with ID=801 is a of player with UID=gy_2_9QGetczRuJF-G5_jusM0qdITbSngdhMXbxDEkM=.
