21:16:34.669 [Expansion Quests] Initialize quest system on the connected client with UID=gy_2_9QGetczRuJF-G5_jusM0qdITbSngdhMXbxDEkM=
21:16:34.672 [Expansion Quests] Loaded existing player quest data for player with UID=gy_2_9QGetczRuJF-G5_jusM0qdITbSngdhMXbxDEkM=
21:16:34.673 [Expansion Quests] Check quest initialization for quest with ID=801 | State=STARTED | Player UID=gy_2_9QGetczRuJF-G5_jusM0qdITbSngdhMXbxDEkM=
21:16:34.673 [Expansion Quests] Create new quest instance for quest with ID=801 | Player UID=gy_2_9QGetczRuJF-G5_jusM0qdITbSngdhMXbxDEkM=
21:16:34.674 [Expansion Quests] Quest continue event failed for quest with quest ID=801 | Player UID=gy_2_9QGetczRuJF-G5_jusM0qdITbSngdhMXbxDEkM=
21:16:34.675 [Expansion Quests] Updated and saved persistent player quest data for player with UID=gy_2_9QGetczRuJF-G5_jusM0qdITbSngdhMXbxDEkM= | Quest ID=801
21:16:34.689 [Expansion Quests] Sending gy_2_9QGetczRuJF-G5_jusM0qdITbSngdhMXbxDEkM= quest configs to client for player with UID=gy_2_9QGetczRuJF-G5_jusM0qdITbSngdhMXbxDEkM=
21:16:34.690 [Expansion Quests] Sending player quest data for 1 quests to player with UID=gy_2_9QGetczRuJF-G5_jusM0qdITbSngdhMXbxDEkM=
21:16:34.839 [AI Patrol 00019] Loaded 1 persistent Elektrozavodsk North-East (Guards) bots at <10437.022461, 6.165098, 2366.423340>
21:16:34.839 [AI Patrol 00019] Global patrol count: 1
21:16:34.839 [AI Patrol 00019] Global Expansion AI count: 1 alive, 0 deceased
21:16:34.840 [AI Patrol 00019] Survivor category patrol count: 1
21:16:34.860 [AI Patrol 00015] Loaded 1 persistent Solnechny North (Raiders) bots at <12497.756836, 107.947388, 7732.899414>
21:16:34.861 [AI Patrol 00015] Global patrol count: 2
21:16:34.861 [AI Patrol 00015] Global Expansion AI count: 2 alive, 0 deceased
21:16:34.861 [AI Patrol 00015] Survivor category patrol count: 2
21:16:34.862 [AI Patrol 00022] Spawning 1 Chernogorsk East (Infected) bots at <8747.670898, 6.937114, 2357.187012>
21:16:34.878 [AI Patrol 00022] Global patrol count: 3
21:16:34.879 [AI Patrol 00022] Global Expansion AI count: 3 alive, 0 deceased
21:16:34.879 [AI Patrol 00022] Survivor category patrol count: 3
21:16:34.906 [AI Patrol 00016] Loaded 1 persistent Berezino South-East (East) bots at <13043.847656, 6.053564, 10080.756836>
21:16:34.906 [AI Patrol 00016] Global patrol count: 4
21:16:34.907 [AI Patrol 00016] Global Expansion AI count: 4 alive, 0 deceased
21:16:34.907 [AI Patrol 00016] Survivor category patrol count: 4
21:16:34.907 [AI Patrol 00023] Spawning 1 Prigorodki South-East (Infected) bots at <8040.858398, 6.322562, 3332.236328>
21:16:34.925 [AI Patrol 00023] Global patrol count: 5
21:16:34.925 [AI Patrol 00023] Global Expansion AI count: 5 alive, 0 deceased
21:16:34.926 [AI Patrol 00023] Survivor category patrol count: 5
21:16:34.946 [AI Patrol 00020] Loaded 1 persistent Elektrozavodsk North-West (East) bots at <9956.308594, 91.448578, 3213.020996>
21:16:34.946 [AI Patrol 00020] Global patrol count: 6
21:16:34.946 [AI Patrol 00020] Global Expansion AI count: 6 alive, 0 deceased
21:16:34.946 [AI Patrol 00020] Survivor category patrol count: 6
21:16:34.965 [AI Patrol 00013] Loaded 1 persistent Svetloyarsk South-East (West) bots at <14805.632813, 80.834564, 13576.667969>
21:16:34.965 [AI Patrol 00013] Global patrol count: 7
21:16:34.966 [AI Patrol 00013] Global Expansion AI count: 7 alive, 0 deceased
21:16:34.966 [AI Patrol 00013] Survivor category patrol count: 7
21:16:34.987 [AI Patrol 00017] Loaded 1 persistent Solnechny (Civilian) bots at <13423.311523, 5.817022, 6253.681641>
21:16:34.988 [AI Patrol 00017] Global patrol count: 8
21:16:34.988 [AI Patrol 00017] Global Expansion AI count: 8 alive, 0 deceased
21:16:34.988 [AI Patrol 00017] Survivor category patrol count: 8
21:16:35.000 [AI Patrol 00018] Loaded 1 persistent Kamyshovo (Infected) bots at <12051.374023, 6.140643, 3574.904541>
21:16:35.000 [AI Patrol 00018] Global patrol count: 9
21:16:35.000 [AI Patrol 00018] Global Expansion AI count: 9 alive, 0 deceased
21:16:35.001 [AI Patrol 00018] Survivor category patrol count: 9
21:16:35.001 [AI Patrol 00024] Spawning 1 Chernogorsk (Infected) bots at <5933.964844, 10.063051, 2171.072998>
21:16:35.019 [AI Patrol 00024] Global patrol count: 10
21:16:35.019 [AI Patrol 00024] Global Expansion AI count: 10 alive, 0 deceased
21:16:35.019 [AI Patrol 00024] Survivor category patrol count: 10
21:16:35.040 [AI Patrol 00012] Loaded 1 persistent Svetloyarsk (Infected) bots at <14147.444336, 3.454561, 13213.676758>
21:16:35.041 [AI Patrol 00012] Global patrol count: 11
21:16:35.041 [AI Patrol 00012] Global Expansion AI count: 11 alive, 0 deceased
21:16:35.041 [AI Patrol 00012] Survivor category patrol count: 11
21:16:35.060 [AI Patrol 00021] Loaded 1 persistent Elektrozavodsk West (Lunatics) bots at <9662.809570, 111.041618, 2868.558838>
21:16:35.061 [AI Patrol 00021] Global patrol count: 12
21:16:35.061 [AI Patrol 00021] Global Expansion AI count: 12 alive, 0 deceased
21:16:35.061 [AI Patrol 00021] Survivor category patrol count: 12
21:16:35.062 [AI Patrol 00014] Spawning 1 Berezino North-East (Raiders) bots at <12948.619141, 13.877937, 10340.148438>
21:16:35.074 [AI Patrol 00014] Global patrol count: 13
21:16:35.075 [AI Patrol 00014] Global Expansion AI count: 13 alive, 0 deceased
21:16:35.075 [AI Patrol 00014] Survivor category patrol count: 13
21:17:13.598 [Expansion Quests] Added new objective data for type=TREASUREHUNT | Key=gy_2_9QGetczRuJF-G5_jusM0qdITbSngdhMXbxDEkM= | ID=801
21:17:13.599 [Expansion Quests] Updated and saved persistent player quest data for player with UID=gy_2_9QGetczRuJF-G5_jusM0qdITbSngdhMXbxDEkM= | Quest ID=801
21:17:13.599 [Expansion Quests] Created new quest instance with instance key=gy_2_9QGetczRuJF-G5_jusM0qdITbSngdhMXbxDEkM= for quest with ID=801
21:17:49.585 [Expansion Quests] Added new objective data for type=TREASUREHUNT | Key=gy_2_9QGetczRuJF-G5_jusM0qdITbSngdhMXbxDEkM= | ID=801
21:17:49.587 [Expansion Quests] Updated and saved persistent player quest data for player with UID=gy_2_9QGetczRuJF-G5_jusM0qdITbSngdhMXbxDEkM= | Quest ID=801
21:18:28.351 [Expansion Quests] Added new objective data for type=TREASUREHUNT | Key=gy_2_9QGetczRuJF-G5_jusM0qdITbSngdhMXbxDEkM= | ID=801
21:18:28.352 [Expansion Quests] Updated and saved persistent player quest data for player with UID=gy_2_9QGetczRuJF-G5_jusM0qdITbSngdhMXbxDEkM= | Quest ID=801
21:23:03.356 [Expansion Quests] Added new objective data for type=TREASUREHUNT | Key=gy_2_9QGetczRuJF-G5_jusM0qdITbSngdhMXbxDEkM= | ID=801
21:23:03.357 [Expansion Quests] Updated and saved persistent player quest data for player with UID=gy_2_9QGetczRuJF-G5_jusM0qdITbSngdhMXbxDEkM= | Quest ID=801
21:23:20.163 [AI Patrol 00014] Berezino North-East (Raiders) bots were wiped out (spawn position <12948.619141, 13.877937, 10340.148438>, 1/1 deceased)
21:23:20.163 [AI Patrol 00014] Global patrol count: 12
21:23:20.163 [AI Patrol 00014] Global Expansion AI count: 12 alive, 1 deceased
21:23:20.164 [AI Patrol 00014] Survivor category patrol count: 12
21:23:45.896 [Expansion Quests] Updated and saved persistent player quest data for player with UID=gy_2_9QGetczRuJF-G5_jusM0qdITbSngdhMXbxDEkM= | Quest ID=800
21:35:06.078 [Expansion Quests] Deleted quest with ID=801 is a of player with UID=gy_2_9QGetczRuJF-G5_jusM0qdITbSngdhMXbxDEkM=.
