22:15:23.880 [Expansion Quests] Quest configuration with ID=133 is set to inactive. Skip adding config to quest system..
22:18:45.947 [Expansion Quests] Initialize quest system on the connected client with UID=gy_2_9QGetczRuJF-G5_jusM0qdITbSngdhMXbxDEkM=
22:18:45.951 [Expansion Quests] Loaded existing player quest data for player with UID=gy_2_9QGetczRuJF-G5_jusM0qdITbSngdhMXbxDEkM=
22:18:45.951 [Expansion Quests] Check quest initialization for quest with ID=800 | State=NONE | Player UID=gy_2_9QGetczRuJF-G5_jusM0qdITbSngdhMXbxDEkM=
22:18:45.952 [Expansion Quests] Check quest initialization for quest with ID=801 | State=COMPLETED | Player UID=gy_2_9QGetczRuJF-G5_jusM0qdITbSngdhMXbxDEkM=
22:18:45.952 [Expansion Quests] Check quest initialization for quest with ID=802 | State=COMPLETED | Player UID=gy_2_9QGetczRuJF-G5_jusM0qdITbSngdhMXbxDEkM=
22:18:45.954 [Expansion Quests] Sending gy_2_9QGetczRuJF-G5_jusM0qdITbSngdhMXbxDEkM= quest configs to client for player with UID=gy_2_9QGetczRuJF-G5_jusM0qdITbSngdhMXbxDEkM=
22:18:45.955 [Expansion Quests] Sending player quest data for 3 quests to player with UID=gy_2_9QGetczRuJF-G5_jusM0qdITbSngdhMXbxDEkM=
22:18:45.982 [AI Patrol 00017] Loaded 1 persistent Nizhneye North-East (Mercenaries) bots at <11535.770508, 72.847847, 6587.447266>
22:18:45.983 [AI Patrol 00017] Global patrol count: 1
22:18:45.983 [AI Patrol 00017] Global Expansion AI count: 2 alive, 0 deceased
22:18:45.983 [AI Patrol 00017] Survivor category patrol count: 1
22:18:46.023 [AI Patrol 00021] Loaded 1 persistent Chernogorsk East (Infected) bots at <5431.251953, 266.924042, 6612.575195>
22:18:46.023 [AI Patrol 00021] Global patrol count: 2
22:18:46.023 [AI Patrol 00021] Global Expansion AI count: 3 alive, 0 deceased
22:18:46.024 [AI Patrol 00021] Survivor category patrol count: 2
22:18:46.059 [AI Patrol 00013] Loaded 1 persistent Berezino North (West) bots at <12924.754883, 7.759739, 10181.871094>
22:18:46.060 [AI Patrol 00013] Global patrol count: 3
22:18:46.060 [AI Patrol 00013] Global Expansion AI count: 4 alive, 0 deceased
22:18:46.060 [AI Patrol 00013] Survivor category patrol count: 3
22:18:46.100 [AI Patrol 00016] Loaded 1 persistent Berezino South-East (East) bots at <12884.525391, 6.197947, 10060.920898>
22:18:46.101 [AI Patrol 00016] Global patrol count: 4
22:18:46.101 [AI Patrol 00016] Global Expansion AI count: 5 alive, 0 deceased
22:18:46.101 [AI Patrol 00016] Survivor category patrol count: 4
22:18:46.127 [AI Patrol 00015] Loaded 1 persistent Berezhki (Infected) bots at <13508.564453, 4.955058, 13818.832031>
22:18:46.127 [AI Patrol 00015] Global patrol count: 5
22:18:46.127 [AI Patrol 00015] Global Expansion AI count: 6 alive, 0 deceased
22:18:46.128 [AI Patrol 00015] Survivor category patrol count: 5
22:18:46.153 [AI Patrol 00020] Loaded 1 persistent Elektrozavodsk West (Lunatics) bots at <5915.752441, 136.915985, 4237.548828>
22:18:46.154 [AI Patrol 00020] Global patrol count: 6
22:18:46.154 [AI Patrol 00020] Global Expansion AI count: 7 alive, 0 deceased
22:18:46.154 [AI Patrol 00020] Survivor category patrol count: 6
22:18:46.154 [AI Patrol 00012] Spawning 1 Berezino North-East (West) bots at <13200.238281, 6.076854, 10538.880859>
22:18:46.162 [AI Patrol 00012] Global patrol count: 7
22:18:46.162 [AI Patrol 00012] Global Expansion AI count: 8 alive, 0 deceased
22:18:46.163 [AI Patrol 00012] Survivor category patrol count: 7
22:18:46.192 [AI Patrol 00014] Loaded 1 persistent Solnechny North (Raiders) bots at <11294.890625, 81.572006, 10083.820313>
22:18:46.192 [AI Patrol 00014] Global patrol count: 8
22:18:46.192 [AI Patrol 00014] Global Expansion AI count: 9 alive, 0 deceased
22:18:46.192 [AI Patrol 00014] Survivor category patrol count: 8
22:18:46.216 [AI Patrol 00018] Loaded 1 persistent Solnechny South (Lunatics) bots at <11259.531250, 75.694351, 6577.514648>
22:18:46.217 [AI Patrol 00018] Global patrol count: 9
22:18:46.217 [AI Patrol 00018] Global Expansion AI count: 10 alive, 0 deceased
22:18:46.217 [AI Patrol 00018] Survivor category patrol count: 9
22:18:46.251 [AI Patrol 00019] Loaded 1 persistent Elektrozavodsk North-East (Guards) bots at <10347.058594, 6.029195, 1894.320190>
22:18:46.251 [AI Patrol 00019] Global patrol count: 10
22:18:46.251 [AI Patrol 00019] Global Expansion AI count: 11 alive, 0 deceased
22:18:46.252 [AI Patrol 00019] Survivor category patrol count: 10
22:18:46.279 [AI Patrol 00022] Loaded 1 persistent Chernogorsk (Infected) bots at <6262.010254, 257.637756, 5952.224609>
22:18:46.279 [AI Patrol 00022] Global patrol count: 11
22:18:46.279 [AI Patrol 00022] Global Expansion AI count: 12 alive, 0 deceased
22:18:46.280 [AI Patrol 00022] Survivor category patrol count: 11
